#
# There is insufficient memory for the Java Runtime Environment to continue.
# Native memory allocation (malloc) failed to allocate 32784 bytes for Chunk::new
# Possible reasons:
#   The system is out of physical RAM or swap space
#   The process is running with CompressedOops enabled, and the Java Heap may be blocking the growth of the native heap
# Possible solutions:
#   Reduce memory load on the system
#   Increase physical memory or swap space
#   Check if swap backing store is full
#   Decrease Java heap size (-Xmx/-Xms)
#   Decrease number of Java threads
#   Decrease Java thread stack sizes (-Xss)
#   Set larger code cache with -XX:ReservedCodeCacheSize=
#   JVM is running with Unscaled Compressed Oops mode in which the Java heap is
#     placed in the first 4GB address space. The Java Heap base address is the
#     maximum limit for the native heap growth. Please use -XX:HeapBaseMinAddress
#     to set the Java Heap base and to place the Java Heap above 4GB virtual address.
# This output file may be truncated or incomplete.
#
#  Out of Memory Error (./src/hotspot/share/memory/arena.cpp:197), pid=6644, tid=13024
#
# JRE version: OpenJDK Runtime Environment (11.0.8+10) (build 11.0.8+10-b944.6842174)
# Java VM: OpenJDK 64-Bit Server VM (11.0.8+10-b944.6842174, mixed mode, tiered, compressed oops, g1 gc, windows-amd64)
# No core dump will be written. Minidumps are not enabled by default on client versions of Windows
#

---------------  S U M M A R Y ------------

Command Line: --add-opens=java.base/java.util=ALL-UNNAMED --add-opens=java.base/java.lang=ALL-UNNAMED --add-opens=java.base/java.lang.invoke=ALL-UNNAMED --add-opens=java.prefs/java.util.prefs=ALL-UNNAMED -Xmx2048m -Dfile.encoding=UTF-8 -Duser.country=RU -Duser.language=ru -Duser.variant org.gradle.launcher.daemon.bootstrap.GradleDaemon 6.7.1

Host: Intel(R) Core(TM) i5-7200U CPU @ 2.50GHz, 4 cores, 7G,  Windows 10 , 64 bit Build 19041 (10.0.19041.2364)
Time: Tue Feb 21 16:33:38 2023 RTZ 2 (зима) elapsed time: 16 seconds (0d 0h 0m 16s)

---------------  T H R E A D  ---------------

Current thread (0x00000152a0cbd800):  JavaThread "C2 CompilerThread0" daemon [_thread_in_native, id=13024, stack(0x0000002e37500000,0x0000002e37600000)]


Current CompileTask:
C2:  16020 4590   !   4       java.lang.ClassLoader::loadClass (122 bytes)

Stack: [0x0000002e37500000,0x0000002e37600000]
Native frames: (J=compiled Java code, j=interpreted, Vv=VM code, C=native code)
V  [jvm.dll+0x5de50a]
V  [jvm.dll+0x7122f5]
V  [jvm.dll+0x71384d]
V  [jvm.dll+0x713f03]
V  [jvm.dll+0x23e728]
V  [jvm.dll+0xb899c]
V  [jvm.dll+0xb8e9c]
V  [jvm.dll+0xb8a98]
V  [jvm.dll+0x5be3b0]
V  [jvm.dll+0x501db1]
V  [jvm.dll+0x1ff393]
V  [jvm.dll+0x1f917c]
V  [jvm.dll+0x1f685f]
V  [jvm.dll+0x17f32c]
V  [jvm.dll+0x205047]
V  [jvm.dll+0x203891]
V  [jvm.dll+0x6dad3f]
V  [jvm.dll+0x6d3895]
V  [jvm.dll+0x5dd4a6]
C  [ucrtbase.dll+0x21bb2]
C  [KERNEL32.DLL+0x17614]
C  [ntdll.dll+0x526a1]


---------------  P R O C E S S  ---------------

Threads class SMR info:
_java_thread_list=0x00000152a7456f00, length=131, elements={
0x00000152852ba000, 0x00000152a0c9e800, 0x00000152a0ca0000, 0x00000152a1642800,
0x00000152a0cbd000, 0x00000152a0cbd800, 0x00000152a0cc1800, 0x00000152a1688000,
0x00000152a177b000, 0x00000152a17bc000, 0x00000152a3b89800, 0x00000152a1902800,
0x00000152a216d000, 0x00000152a2208000, 0x00000152a216c800, 0x00000152a3da3000,
0x00000152a2614000, 0x00000152a4140000, 0x00000152a4495800, 0x00000152a3df3800,
0x00000152a3fab800, 0x00000152a3fab000, 0x00000152a3fac800, 0x00000152a3fa8800,
0x00000152a3fad000, 0x00000152a3faa000, 0x00000152a3fa7800, 0x00000152a3fa9000,
0x00000152a3fae000, 0x00000152a3e85000, 0x00000152a3e86000, 0x00000152a3e81000,
0x00000152a3e84800, 0x00000152a3e82000, 0x00000152a3e87800, 0x00000152a3e83800,
0x00000152a3e82800, 0x00000152a1d43000, 0x00000152a1d44000, 0x00000152a1d40000,
0x00000152a1d41800, 0x00000152a1d42000, 0x00000152a1d44800, 0x00000152a1d3f000,
0x00000152a1d45800, 0x00000152a1d46800, 0x00000152a1d40800, 0x00000152a1d48000,
0x00000152a1d4c000, 0x00000152a1d4d000, 0x00000152a1d4a800, 0x00000152a1d47000,
0x00000152a1d49000, 0x00000152a1d4d800, 0x00000152a1d4b000, 0x00000152a1d49800,
0x00000152a532a000, 0x00000152a5327800, 0x00000152a5327000, 0x00000152a5329000,
0x00000152a532b800, 0x00000152a532c800, 0x00000152a532b000, 0x00000152a532d800,
0x00000152a532e000, 0x00000152a5328800, 0x00000152a5334000, 0x00000152a5331800,
0x00000152a5333000, 0x00000152a5330000, 0x00000152a532f000, 0x00000152a5332000,
0x00000152a5330800, 0x00000152a5334800, 0x00000152a5335800, 0x00000152a3885000,
0x00000152a3883800, 0x00000152a3886000, 0x00000152a3886800, 0x00000152a3887800,
0x00000152a388a000, 0x00000152a3888800, 0x00000152a3889000, 0x00000152a3884000,
0x00000152a388f800, 0x00000152a388f000, 0x00000152a388e000, 0x00000152a388b800,
0x00000152a3890800, 0x00000152a388a800, 0x00000152a3891800, 0x00000152a3892000,
0x00000152a388d000, 0x00000152a388c800, 0x00000152a429a000, 0x00000152a4294800,
0x00000152a4295000, 0x00000152a4297800, 0x00000152a4298800, 0x00000152a429b000,
0x00000152a4299000, 0x00000152a4296800, 0x00000152a429b800, 0x00000152a4296000,
0x00000152a42a0800, 0x00000152a429d800, 0x00000152a429c800, 0x00000152a42a2000,
0x00000152a429f800, 0x00000152a42a3000, 0x00000152a429f000, 0x00000152a429e000,
0x00000152a42a1800, 0x00000152a6bff000, 0x00000152a6c00000, 0x00000152a6bfb000,
0x00000152a6bfa000, 0x00000152a6bfe000, 0x00000152a6c01800, 0x00000152a6c00800,
0x00000152a6bfc000, 0x00000152a6c02800, 0x00000152a6bfc800, 0x00000152a6bfd800,
0x00000152a6c09000, 0x00000152a6c04000, 0x00000152a6c07000, 0x00000152a6c05000,
0x00000152a6c06800, 0x00000152a6c03000, 0x00000152a6c05800
}

Java Threads: ( => current thread )
  0x00000152852ba000 JavaThread "main" [_thread_blocked, id=1736, stack(0x0000002e36a00000,0x0000002e36b00000)]
  0x00000152a0c9e800 JavaThread "Reference Handler" daemon [_thread_blocked, id=7652, stack(0x0000002e37100000,0x0000002e37200000)]
  0x00000152a0ca0000 JavaThread "Finalizer" daemon [_thread_blocked, id=12964, stack(0x0000002e37200000,0x0000002e37300000)]
  0x00000152a1642800 JavaThread "Signal Dispatcher" daemon [_thread_blocked, id=12984, stack(0x0000002e37300000,0x0000002e37400000)]
  0x00000152a0cbd000 JavaThread "Attach Listener" daemon [_thread_blocked, id=13020, stack(0x0000002e37400000,0x0000002e37500000)]
=>0x00000152a0cbd800 JavaThread "C2 CompilerThread0" daemon [_thread_in_native, id=13024, stack(0x0000002e37500000,0x0000002e37600000)]
  0x00000152a0cc1800 JavaThread "C1 CompilerThread0" daemon [_thread_blocked, id=13036, stack(0x0000002e37600000,0x0000002e37700000)]
  0x00000152a1688000 JavaThread "Sweeper thread" daemon [_thread_blocked, id=13216, stack(0x0000002e37700000,0x0000002e37800000)]
  0x00000152a177b000 JavaThread "Common-Cleaner" daemon [_thread_blocked, id=13300, stack(0x0000002e37800000,0x0000002e37900000)]
  0x00000152a17bc000 JavaThread "Service Thread" daemon [_thread_blocked, id=12524, stack(0x0000002e37900000,0x0000002e37a00000)]
  0x00000152a3b89800 JavaThread "Daemon health stats" [_thread_blocked, id=12780, stack(0x0000002e37e00000,0x0000002e37f00000)]
  0x00000152a1902800 JavaThread "Incoming local TCP Connector on port 64383" [_thread_in_native, id=11376, stack(0x0000002e38000000,0x0000002e38100000)]
  0x00000152a216d000 JavaThread "Daemon periodic checks" [_thread_blocked, id=12952, stack(0x0000002e38100000,0x0000002e38200000)]
  0x00000152a2208000 JavaThread "Daemon" [_thread_blocked, id=12944, stack(0x0000002e38200000,0x0000002e38300000)]
  0x00000152a216c800 JavaThread "Handler for socket connection from /127.0.0.1:64383 to /127.0.0.1:64384" [_thread_in_native, id=13112, stack(0x0000002e38300000,0x0000002e38400000)]
  0x00000152a3da3000 JavaThread "Cancel handler" [_thread_blocked, id=13052, stack(0x0000002e38400000,0x0000002e38500000)]
  0x00000152a2614000 JavaThread "Daemon worker" [_thread_blocked, id=8528, stack(0x0000002e38500000,0x0000002e38600000)]
  0x00000152a4140000 JavaThread "Asynchronous log dispatcher for DefaultDaemonConnection: socket connection from /127.0.0.1:64383 to /127.0.0.1:64384" [_thread_blocked, id=5072, stack(0x0000002e38600000,0x0000002e38700000)]
  0x00000152a4495800 JavaThread "Stdin handler" [_thread_blocked, id=7972, stack(0x0000002e38700000,0x0000002e38800000)]
  0x00000152a3df3800 JavaThread "Thread-8" [_thread_blocked, id=9032, stack(0x0000002e38800000,0x0000002e38900000)]
  0x00000152a3fab800 JavaThread "Cache worker for file hash cache (C:\Users\Max\.gradle\caches\6.7.1\fileHashes)" [_thread_blocked, id=7104, stack(0x0000002e38a00000,0x0000002e38b00000)]
  0x00000152a3fab000 JavaThread "File lock request listener" [_thread_in_native, id=5240, stack(0x0000002e38b00000,0x0000002e38c00000)]
  0x00000152a3fac800 JavaThread "Cache worker for journal cache (C:\Users\Max\.gradle\caches\journal-1)" [_thread_blocked, id=11792, stack(0x0000002e38c00000,0x0000002e38d00000)]
  0x00000152a3fa8800 JavaThread "Cache worker for file hash cache (C:\Users\Max\AndroidStudioProjects\Tindercut\.gradle\6.7.1\fileHashes)" [_thread_blocked, id=8564, stack(0x0000002e38d00000,0x0000002e38e00000)]
  0x00000152a3fad000 JavaThread "Cache worker for checksums cache (C:\Users\Max\AndroidStudioProjects\Tindercut\.gradle\checksums)" [_thread_blocked, id=2220, stack(0x0000002e38e00000,0x0000002e38f00000)]
  0x00000152a3faa000 JavaThread "Cache worker for cache directory md-supplier (C:\Users\Max\.gradle\caches\6.7.1\md-supplier)" [_thread_blocked, id=11084, stack(0x0000002e38f00000,0x0000002e39000000)]
  0x00000152a3fa7800 JavaThread "Cache worker for cache directory md-rule (C:\Users\Max\.gradle\caches\6.7.1\md-rule)" [_thread_blocked, id=12844, stack(0x0000002e39100000,0x0000002e39200000)]
  0x00000152a3fa9000 JavaThread "Cache worker for execution history cache (C:\Users\Max\.gradle\caches\6.7.1\executionHistory)" [_thread_blocked, id=3388, stack(0x0000002e39200000,0x0000002e39300000)]
  0x00000152a3fae000 JavaThread "jar transforms" [_thread_blocked, id=8324, stack(0x0000002e39000000,0x0000002e39100000)]
  0x00000152a3e85000 JavaThread "Cache worker for file content cache (C:\Users\Max\.gradle\caches\6.7.1\fileContent)" [_thread_blocked, id=7056, stack(0x0000002e39300000,0x0000002e39400000)]
  0x00000152a3e86000 JavaThread "Cache worker for Build Output Cleanup Cache (C:\Users\Max\AndroidStudioProjects\Tindercut\.gradle\buildOutputCleanup)" [_thread_blocked, id=12732, stack(0x0000002e39400000,0x0000002e39500000)]
  0x00000152a3e81000 JavaThread "Build operations" [_thread_blocked, id=9192, stack(0x0000002e39500000,0x0000002e39600000)]
  0x00000152a3e84800 JavaThread "Build operations Thread 2" [_thread_blocked, id=10388, stack(0x0000002e39600000,0x0000002e39700000)]
  0x00000152a3e82000 JavaThread "Build operations Thread 3" [_thread_blocked, id=8064, stack(0x0000002e39700000,0x0000002e39800000)]
  0x00000152a3e87800 JavaThread "Build operations Thread 4" [_thread_blocked, id=1300, stack(0x0000002e39800000,0x0000002e39900000)]
  0x00000152a3e83800 JavaThread "jar transforms Thread 2" [_thread_blocked, id=5576, stack(0x0000002e39a00000,0x0000002e39b00000)]
  0x00000152a3e82800 JavaThread "jar transforms Thread 3" [_thread_blocked, id=12480, stack(0x0000002e39b00000,0x0000002e39c00000)]
  0x00000152a1d43000 JavaThread "jar transforms Thread 4" [_thread_blocked, id=2044, stack(0x0000002e39c00000,0x0000002e39d00000)]
  0x00000152a1d44000 JavaThread "jar transforms Thread 5" [_thread_blocked, id=1232, stack(0x0000002e39d00000,0x0000002e39e00000)]
  0x00000152a1d40000 JavaThread "jar transforms Thread 6" [_thread_blocked, id=4136, stack(0x0000002e39e00000,0x0000002e39f00000)]
  0x00000152a1d41800 JavaThread "jar transforms Thread 7" [_thread_blocked, id=10328, stack(0x0000002e39f00000,0x0000002e3a000000)]
  0x00000152a1d42000 JavaThread "jar transforms Thread 8" [_thread_blocked, id=5380, stack(0x0000002e3a000000,0x0000002e3a100000)]
  0x00000152a1d44800 JavaThread "jar transforms Thread 9" [_thread_blocked, id=1544, stack(0x0000002e3a100000,0x0000002e3a200000)]
  0x00000152a1d3f000 JavaThread "jar transforms Thread 10" [_thread_blocked, id=8828, stack(0x0000002e3a200000,0x0000002e3a300000)]
  0x00000152a1d45800 JavaThread "jar transforms Thread 11" [_thread_blocked, id=10460, stack(0x0000002e3a300000,0x0000002e3a400000)]
  0x00000152a1d46800 JavaThread "jar transforms Thread 12" [_thread_blocked, id=216, stack(0x0000002e3a400000,0x0000002e3a500000)]
  0x00000152a1d40800 JavaThread "jar transforms Thread 13" [_thread_blocked, id=12176, stack(0x0000002e3a500000,0x0000002e3a600000)]
  0x00000152a1d48000 JavaThread "jar transforms Thread 14" [_thread_blocked, id=12972, stack(0x0000002e3a600000,0x0000002e3a700000)]
  0x00000152a1d4c000 JavaThread "jar transforms Thread 15" [_thread_blocked, id=10448, stack(0x0000002e3a700000,0x0000002e3a800000)]
  0x00000152a1d4d000 JavaThread "jar transforms Thread 16" [_thread_blocked, id=604, stack(0x0000002e3a800000,0x0000002e3a900000)]
  0x00000152a1d4a800 JavaThread "jar transforms Thread 17" [_thread_blocked, id=4184, stack(0x0000002e3a900000,0x0000002e3aa00000)]
  0x00000152a1d47000 JavaThread "jar transforms Thread 18" [_thread_blocked, id=10548, stack(0x0000002e3aa00000,0x0000002e3ab00000)]
  0x00000152a1d49000 JavaThread "jar transforms Thread 19" [_thread_blocked, id=11892, stack(0x0000002e3ab00000,0x0000002e3ac00000)]
  0x00000152a1d4d800 JavaThread "jar transforms Thread 20" [_thread_blocked, id=8052, stack(0x0000002e3ac00000,0x0000002e3ad00000)]
  0x00000152a1d4b000 JavaThread "jar transforms Thread 21" [_thread_blocked, id=3872, stack(0x0000002e3ad00000,0x0000002e3ae00000)]
  0x00000152a1d49800 JavaThread "jar transforms Thread 22" [_thread_blocked, id=8960, stack(0x0000002e3ae00000,0x0000002e3af00000)]
  0x00000152a532a000 JavaThread "jar transforms Thread 23" [_thread_blocked, id=10040, stack(0x0000002e3af00000,0x0000002e3b000000)]
  0x00000152a5327800 JavaThread "jar transforms Thread 24" [_thread_blocked, id=12760, stack(0x0000002e3b000000,0x0000002e3b100000)]
  0x00000152a5327000 JavaThread "jar transforms Thread 25" [_thread_blocked, id=11900, stack(0x0000002e3b100000,0x0000002e3b200000)]
  0x00000152a5329000 JavaThread "jar transforms Thread 26" [_thread_blocked, id=11920, stack(0x0000002e3b200000,0x0000002e3b300000)]
  0x00000152a532b800 JavaThread "jar transforms Thread 27" [_thread_blocked, id=11676, stack(0x0000002e3b300000,0x0000002e3b400000)]
  0x00000152a532c800 JavaThread "jar transforms Thread 28" [_thread_blocked, id=12112, stack(0x0000002e3b400000,0x0000002e3b500000)]
  0x00000152a532b000 JavaThread "jar transforms Thread 29" [_thread_blocked, id=9540, stack(0x0000002e3b500000,0x0000002e3b600000)]
  0x00000152a532d800 JavaThread "jar transforms Thread 30" [_thread_blocked, id=3076, stack(0x0000002e3b600000,0x0000002e3b700000)]
  0x00000152a532e000 JavaThread "jar transforms Thread 31" [_thread_blocked, id=4992, stack(0x0000002e3b700000,0x0000002e3b800000)]
  0x00000152a5328800 JavaThread "jar transforms Thread 32" [_thread_blocked, id=12280, stack(0x0000002e3b800000,0x0000002e3b900000)]
  0x00000152a5334000 JavaThread "jar transforms Thread 33" [_thread_blocked, id=13136, stack(0x0000002e3b900000,0x0000002e3ba00000)]
  0x00000152a5331800 JavaThread "jar transforms Thread 34" [_thread_blocked, id=13060, stack(0x0000002e3ba00000,0x0000002e3bb00000)]
  0x00000152a5333000 JavaThread "jar transforms Thread 35" [_thread_blocked, id=3988, stack(0x0000002e3bb00000,0x0000002e3bc00000)]
  0x00000152a5330000 JavaThread "jar transforms Thread 36" [_thread_blocked, id=12744, stack(0x0000002e3bc00000,0x0000002e3bd00000)]
  0x00000152a532f000 JavaThread "jar transforms Thread 37" [_thread_blocked, id=13108, stack(0x0000002e3bd00000,0x0000002e3be00000)]
  0x00000152a5332000 JavaThread "jar transforms Thread 38" [_thread_blocked, id=8900, stack(0x0000002e3be00000,0x0000002e3bf00000)]
  0x00000152a5330800 JavaThread "jar transforms Thread 39" [_thread_blocked, id=3808, stack(0x0000002e3bf00000,0x0000002e3c000000)]
  0x00000152a5334800 JavaThread "jar transforms Thread 40" [_thread_blocked, id=7692, stack(0x0000002e3c000000,0x0000002e3c100000)]
  0x00000152a5335800 JavaThread "jar transforms Thread 41" [_thread_blocked, id=10912, stack(0x0000002e3c100000,0x0000002e3c200000)]
  0x00000152a3885000 JavaThread "jar transforms Thread 42" [_thread_blocked, id=13096, stack(0x0000002e3c200000,0x0000002e3c300000)]
  0x00000152a3883800 JavaThread "jar transforms Thread 43" [_thread_blocked, id=12500, stack(0x0000002e3c300000,0x0000002e3c400000)]
  0x00000152a3886000 JavaThread "jar transforms Thread 44" [_thread_blocked, id=12568, stack(0x0000002e3c400000,0x0000002e3c500000)]
  0x00000152a3886800 JavaThread "jar transforms Thread 45" [_thread_blocked, id=1276, stack(0x0000002e3c500000,0x0000002e3c600000)]
  0x00000152a3887800 JavaThread "jar transforms Thread 46" [_thread_blocked, id=9872, stack(0x0000002e3c600000,0x0000002e3c700000)]
  0x00000152a388a000 JavaThread "jar transforms Thread 47" [_thread_blocked, id=12016, stack(0x0000002e3c700000,0x0000002e3c800000)]
  0x00000152a3888800 JavaThread "jar transforms Thread 48" [_thread_blocked, id=12512, stack(0x0000002e3c800000,0x0000002e3c900000)]
  0x00000152a3889000 JavaThread "jar transforms Thread 49" [_thread_blocked, id=1072, stack(0x0000002e3c900000,0x0000002e3ca00000)]
  0x00000152a3884000 JavaThread "jar transforms Thread 50" [_thread_blocked, id=2980, stack(0x0000002e3ca00000,0x0000002e3cb00000)]
  0x00000152a388f800 JavaThread "jar transforms Thread 51" [_thread_blocked, id=10424, stack(0x0000002e3cb00000,0x0000002e3cc00000)]
  0x00000152a388f000 JavaThread "jar transforms Thread 52" [_thread_blocked, id=4764, stack(0x0000002e3cc00000,0x0000002e3cd00000)]
  0x00000152a388e000 JavaThread "jar transforms Thread 53" [_thread_blocked, id=3636, stack(0x0000002e3cd00000,0x0000002e3ce00000)]
  0x00000152a388b800 JavaThread "jar transforms Thread 54" [_thread_blocked, id=10192, stack(0x0000002e3ce00000,0x0000002e3cf00000)]
  0x00000152a3890800 JavaThread "jar transforms Thread 55" [_thread_blocked, id=9068, stack(0x0000002e3cf00000,0x0000002e3d000000)]
  0x00000152a388a800 JavaThread "jar transforms Thread 56" [_thread_blocked, id=2840, stack(0x0000002e3d000000,0x0000002e3d100000)]
  0x00000152a3891800 JavaThread "jar transforms Thread 57" [_thread_blocked, id=712, stack(0x0000002e3d100000,0x0000002e3d200000)]
  0x00000152a3892000 JavaThread "jar transforms Thread 58" [_thread_blocked, id=10420, stack(0x0000002e3d200000,0x0000002e3d300000)]
  0x00000152a388d000 JavaThread "jar transforms Thread 59" [_thread_blocked, id=4836, stack(0x0000002e3d300000,0x0000002e3d400000)]
  0x00000152a388c800 JavaThread "jar transforms Thread 60" [_thread_blocked, id=10380, stack(0x0000002e3d400000,0x0000002e3d500000)]
  0x00000152a429a000 JavaThread "jar transforms Thread 61" [_thread_blocked, id=10140, stack(0x0000002e3d500000,0x0000002e3d600000)]
  0x00000152a4294800 JavaThread "jar transforms Thread 62" [_thread_blocked, id=7932, stack(0x0000002e3d600000,0x0000002e3d700000)]
  0x00000152a4295000 JavaThread "jar transforms Thread 63" [_thread_blocked, id=10580, stack(0x0000002e3d700000,0x0000002e3d800000)]
  0x00000152a4297800 JavaThread "jar transforms Thread 64" [_thread_blocked, id=8084, stack(0x0000002e3d800000,0x0000002e3d900000)]
  0x00000152a4298800 JavaThread "jar transforms Thread 65" [_thread_blocked, id=11592, stack(0x0000002e3d900000,0x0000002e3da00000)]
  0x00000152a429b000 JavaThread "jar transforms Thread 66" [_thread_blocked, id=13068, stack(0x0000002e3da00000,0x0000002e3db00000)]
  0x00000152a4299000 JavaThread "jar transforms Thread 67" [_thread_blocked, id=13072, stack(0x0000002e3db00000,0x0000002e3dc00000)]
  0x00000152a4296800 JavaThread "jar transforms Thread 68" [_thread_blocked, id=8456, stack(0x0000002e3dc00000,0x0000002e3dd00000)]
  0x00000152a429b800 JavaThread "jar transforms Thread 69" [_thread_blocked, id=12548, stack(0x0000002e3dd00000,0x0000002e3de00000)]
  0x00000152a4296000 JavaThread "jar transforms Thread 70" [_thread_blocked, id=4104, stack(0x0000002e3de00000,0x0000002e3df00000)]
  0x00000152a42a0800 JavaThread "jar transforms Thread 71" [_thread_blocked, id=716, stack(0x0000002e3df00000,0x0000002e3e000000)]
  0x00000152a429d800 JavaThread "jar transforms Thread 72" [_thread_blocked, id=7636, stack(0x0000002e3e000000,0x0000002e3e100000)]
  0x00000152a429c800 JavaThread "jar transforms Thread 73" [_thread_blocked, id=600, stack(0x0000002e3e100000,0x0000002e3e200000)]
  0x00000152a42a2000 JavaThread "jar transforms Thread 74" [_thread_blocked, id=10300, stack(0x0000002e3e200000,0x0000002e3e300000)]
  0x00000152a429f800 JavaThread "jar transforms Thread 75" [_thread_blocked, id=5236, stack(0x0000002e3e300000,0x0000002e3e400000)]
  0x00000152a42a3000 JavaThread "jar transforms Thread 76" [_thread_blocked, id=4788, stack(0x0000002e3e400000,0x0000002e3e500000)]
  0x00000152a429f000 JavaThread "jar transforms Thread 77" [_thread_blocked, id=2984, stack(0x0000002e3e500000,0x0000002e3e600000)]
  0x00000152a429e000 JavaThread "jar transforms Thread 78" [_thread_blocked, id=4600, stack(0x0000002e3e600000,0x0000002e3e700000)]
  0x00000152a42a1800 JavaThread "jar transforms Thread 79" [_thread_blocked, id=10848, stack(0x0000002e3e700000,0x0000002e3e800000)]
  0x00000152a6bff000 JavaThread "jar transforms Thread 80" [_thread_blocked, id=7312, stack(0x0000002e3e800000,0x0000002e3e900000)]
  0x00000152a6c00000 JavaThread "jar transforms Thread 81" [_thread_blocked, id=2684, stack(0x0000002e3e900000,0x0000002e3ea00000)]
  0x00000152a6bfb000 JavaThread "jar transforms Thread 82" [_thread_blocked, id=7200, stack(0x0000002e3ea00000,0x0000002e3eb00000)]
  0x00000152a6bfa000 JavaThread "jar transforms Thread 83" [_thread_blocked, id=4636, stack(0x0000002e3eb00000,0x0000002e3ec00000)]
  0x00000152a6bfe000 JavaThread "jar transforms Thread 84" [_thread_blocked, id=8304, stack(0x0000002e3ec00000,0x0000002e3ed00000)]
  0x00000152a6c01800 JavaThread "jar transforms Thread 85" [_thread_blocked, id=1364, stack(0x0000002e3ed00000,0x0000002e3ee00000)]
  0x00000152a6c00800 JavaThread "jar transforms Thread 86" [_thread_blocked, id=6016, stack(0x0000002e3ee00000,0x0000002e3ef00000)]
  0x00000152a6bfc000 JavaThread "jar transforms Thread 87" [_thread_blocked, id=10888, stack(0x0000002e3ef00000,0x0000002e3f000000)]
  0x00000152a6c02800 JavaThread "jar transforms Thread 88" [_thread_blocked, id=10780, stack(0x0000002e3f000000,0x0000002e3f100000)]
  0x00000152a6bfc800 JavaThread "jar transforms Thread 89" [_thread_blocked, id=4040, stack(0x0000002e3f100000,0x0000002e3f200000)]
  0x00000152a6bfd800 JavaThread "jar transforms Thread 90" [_thread_blocked, id=10216, stack(0x0000002e3f200000,0x0000002e3f300000)]
  0x00000152a6c09000 JavaThread "jar transforms Thread 91" [_thread_blocked, id=11000, stack(0x0000002e3f300000,0x0000002e3f400000)]
  0x00000152a6c04000 JavaThread "jar transforms Thread 92" [_thread_blocked, id=2616, stack(0x0000002e3f400000,0x0000002e3f500000)]
  0x00000152a6c07000 JavaThread "jar transforms Thread 93" [_thread_blocked, id=6432, stack(0x0000002e3f500000,0x0000002e3f600000)]
  0x00000152a6c05000 JavaThread "jar transforms Thread 94" [_thread_blocked, id=912, stack(0x0000002e3f600000,0x0000002e3f700000)]
  0x00000152a6c06800 JavaThread "jar transforms Thread 95" [_thread_blocked, id=8736, stack(0x0000002e3f700000,0x0000002e3f800000)]
  0x00000152a6c03000 JavaThread "jar transforms Thread 96" [_thread_blocked, id=1624, stack(0x0000002e3f800000,0x0000002e3f900000)]
  0x00000152a6c05800 JavaThread "jar transforms Thread 97" [_thread_blocked, id=9052, stack(0x0000002e3f900000,0x0000002e3fa00000)]

Other Threads:
  0x00000152a0c98800 VMThread "VM Thread" [stack: 0x0000002e37000000,0x0000002e37100000] [id=12876]
  0x00000152a177c800 WatcherThread [stack: 0x0000002e37a00000,0x0000002e37b00000] [id=13272]
  0x00000152852d3800 GCTaskThread "GC Thread#0" [stack: 0x0000002e36b00000,0x0000002e36c00000] [id=13224]
  0x00000152a1c50000 GCTaskThread "GC Thread#1" [stack: 0x0000002e37c00000,0x0000002e37d00000] [id=1612]
  0x00000152a1cfe000 GCTaskThread "GC Thread#2" [stack: 0x0000002e37d00000,0x0000002e37e00000] [id=10940]
  0x00000152a3985000 GCTaskThread "GC Thread#3" [stack: 0x0000002e38900000,0x0000002e38a00000] [id=5632]
  0x0000015285304000 ConcurrentGCThread "G1 Main Marker" [stack: 0x0000002e36c00000,0x0000002e36d00000] [id=12924]
  0x0000015285307800 ConcurrentGCThread "G1 Conc#0" [stack: 0x0000002e36d00000,0x0000002e36e00000] [id=11172]
  0x0000015285394800 ConcurrentGCThread "G1 Refine#0" [stack: 0x0000002e36e00000,0x0000002e36f00000] [id=12976]
  0x0000015285395800 ConcurrentGCThread "G1 Young RemSet Sampling" [stack: 0x0000002e36f00000,0x0000002e37000000] [id=12880]

Threads with active compile tasks:
C2 CompilerThread0  16088 4590   !   4       java.lang.ClassLoader::loadClass (122 bytes)

VM state:at safepoint (normal execution)

VM Mutex/Monitor currently owned by a thread:  ([mutex/lock_event])
[0x00000152852b64e0] Threads_lock - owner thread: 0x00000152a0c98800
[0x00000152852b6f00] Heap_lock - owner thread: 0x00000152a2614000

Heap address: 0x0000000080000000, size: 2048 MB, Compressed Oops mode: 32-bit
Narrow klass base: 0x0000000000000000, Narrow klass shift: 3
Compressed class space size: 1073741824 Address: 0x0000000100000000

Heap:
 garbage-first heap   total 194560K, used 36630K [0x0000000080000000, 0x0000000100000000)
  region size 1024K, 12 young (12288K), 12 survivors (12288K)
 Metaspace       used 47289K, capacity 48477K, committed 48508K, reserved 1101824K
  class space    used 6013K, capacity 6394K, committed 6400K, reserved 1048576K
Heap Regions: E=young(eden), S=young(survivor), O=old, HS=humongous(starts), HC=humongous(continues), CS=collection set, F=free, A=archive, TAMS=top-at-mark-start (previous, next)
|   0|0x0000000080000000, 0x0000000080100000, 0x0000000080100000|100%| O|  |TAMS 0x0000000080100000, 0x0000000080100000| Untracked 
|   1|0x0000000080100000, 0x0000000080200000, 0x0000000080200000|100%| O|  |TAMS 0x0000000080200000, 0x0000000080200000| Untracked 
|   2|0x0000000080200000, 0x0000000080300000, 0x0000000080300000|100%| O|  |TAMS 0x0000000080300000, 0x0000000080300000| Untracked 
|   3|0x0000000080300000, 0x0000000080400000, 0x0000000080400000|100%|HS|  |TAMS 0x0000000080400000, 0x0000000080400000| Complete 
|   4|0x0000000080400000, 0x0000000080500000, 0x0000000080500000|100%|HC|  |TAMS 0x0000000080500000, 0x0000000080500000| Complete 
|   5|0x0000000080500000, 0x0000000080600000, 0x0000000080600000|100%|HC|  |TAMS 0x0000000080600000, 0x0000000080600000| Complete 
|   6|0x0000000080600000, 0x0000000080700000, 0x0000000080700000|100%| O|  |TAMS 0x0000000080700000, 0x0000000080700000| Untracked 
|   7|0x0000000080700000, 0x0000000080800000, 0x0000000080800000|100%| O|  |TAMS 0x0000000080800000, 0x0000000080800000| Untracked 
|   8|0x0000000080800000, 0x0000000080900000, 0x0000000080900000|100%| O|  |TAMS 0x0000000080900000, 0x0000000080900000| Untracked 
|   9|0x0000000080900000, 0x0000000080a00000, 0x0000000080a00000|100%| O|  |TAMS 0x0000000080a00000, 0x0000000080a00000| Untracked 
|  10|0x0000000080a00000, 0x0000000080b00000, 0x0000000080b00000|100%| O|  |TAMS 0x0000000080b00000, 0x0000000080b00000| Untracked 
|  11|0x0000000080b00000, 0x0000000080c00000, 0x0000000080c00000|100%| O|  |TAMS 0x0000000080c00000, 0x0000000080c00000| Untracked 
|  12|0x0000000080c00000, 0x0000000080d00000, 0x0000000080d00000|100%| O|  |TAMS 0x0000000080d00000, 0x0000000080d00000| Untracked 
|  13|0x0000000080d00000, 0x0000000080e00000, 0x0000000080e00000|100%| O|  |TAMS 0x0000000080e00000, 0x0000000080e00000| Untracked 
|  14|0x0000000080e00000, 0x0000000080f00000, 0x0000000080f00000|100%| O|  |TAMS 0x0000000080f00000, 0x0000000080f00000| Untracked 
|  15|0x0000000080f00000, 0x0000000081000000, 0x0000000081000000|100%| O|  |TAMS 0x0000000080f4e800, 0x0000000081000000| Untracked 
|  16|0x0000000081000000, 0x0000000081100000, 0x0000000081100000|100%| O|  |TAMS 0x0000000081000000, 0x0000000081100000| Untracked 
|  17|0x0000000081100000, 0x0000000081200000, 0x0000000081200000|100%| O|  |TAMS 0x0000000081100000, 0x0000000081200000| Untracked 
|  18|0x0000000081200000, 0x00000000812c5800, 0x0000000081300000| 77%| O|  |TAMS 0x0000000081200000, 0x00000000812c5800| Untracked 
|  19|0x0000000081300000, 0x0000000081400000, 0x0000000081400000|100%|HS|  |TAMS 0x0000000081300000, 0x0000000081400000| Complete 
|  20|0x0000000081400000, 0x0000000081500000, 0x0000000081500000|100%| O|  |TAMS 0x0000000081400000, 0x0000000081500000| Untracked 
|  21|0x0000000081500000, 0x0000000081600000, 0x0000000081600000|100%| O|  |TAMS 0x0000000081500000, 0x0000000081600000| Untracked 
|  22|0x0000000081600000, 0x0000000081700000, 0x0000000081700000|100%|HS|  |TAMS 0x0000000081600000, 0x0000000081700000| Complete 
|  23|0x0000000081700000, 0x0000000081800000, 0x0000000081800000|100%|HC|  |TAMS 0x0000000081700000, 0x0000000081800000| Complete 
|  24|0x0000000081800000, 0x0000000081800000, 0x0000000081900000|  0%| F|  |TAMS 0x0000000081800000, 0x0000000081800000| Untracked 
|  25|0x0000000081900000, 0x0000000081900000, 0x0000000081a00000|  0%| F|  |TAMS 0x0000000081900000, 0x0000000081900000| Untracked 
|  26|0x0000000081a00000, 0x0000000081a00000, 0x0000000081b00000|  0%| F|  |TAMS 0x0000000081a00000, 0x0000000081a00000| Untracked 
|  27|0x0000000081b00000, 0x0000000081b00000, 0x0000000081c00000|  0%| F|  |TAMS 0x0000000081b00000, 0x0000000081b00000| Untracked 
|  28|0x0000000081c00000, 0x0000000081c00000, 0x0000000081d00000|  0%| F|  |TAMS 0x0000000081c00000, 0x0000000081c00000| Untracked 
|  29|0x0000000081d00000, 0x0000000081d00000, 0x0000000081e00000|  0%| F|  |TAMS 0x0000000081d00000, 0x0000000081d00000| Untracked 
|  30|0x0000000081e00000, 0x0000000081e00000, 0x0000000081f00000|  0%| F|  |TAMS 0x0000000081e00000, 0x0000000081e00000| Untracked 
|  31|0x0000000081f00000, 0x0000000081f00000, 0x0000000082000000|  0%| F|  |TAMS 0x0000000081f00000, 0x0000000081f00000| Untracked 
|  32|0x0000000082000000, 0x0000000082000000, 0x0000000082100000|  0%| F|  |TAMS 0x0000000082000000, 0x0000000082000000| Untracked 
|  33|0x0000000082100000, 0x0000000082100000, 0x0000000082200000|  0%| F|  |TAMS 0x0000000082100000, 0x0000000082100000| Untracked 
|  34|0x0000000082200000, 0x0000000082200000, 0x0000000082300000|  0%| F|  |TAMS 0x0000000082200000, 0x0000000082200000| Untracked 
|  35|0x0000000082300000, 0x0000000082300000, 0x0000000082400000|  0%| F|  |TAMS 0x0000000082300000, 0x0000000082300000| Untracked 
|  36|0x0000000082400000, 0x0000000082400000, 0x0000000082500000|  0%| F|  |TAMS 0x0000000082400000, 0x0000000082400000| Untracked 
|  37|0x0000000082500000, 0x0000000082500000, 0x0000000082600000|  0%| F|  |TAMS 0x0000000082500000, 0x0000000082500000| Untracked 
|  38|0x0000000082600000, 0x0000000082600000, 0x0000000082700000|  0%| F|  |TAMS 0x0000000082600000, 0x0000000082600000| Untracked 
|  39|0x0000000082700000, 0x0000000082700000, 0x0000000082800000|  0%| F|  |TAMS 0x0000000082700000, 0x0000000082700000| Untracked 
|  40|0x0000000082800000, 0x0000000082800000, 0x0000000082900000|  0%| F|  |TAMS 0x0000000082800000, 0x0000000082800000| Untracked 
|  41|0x0000000082900000, 0x0000000082900000, 0x0000000082a00000|  0%| F|  |TAMS 0x0000000082900000, 0x0000000082900000| Untracked 
|  42|0x0000000082a00000, 0x0000000082a00000, 0x0000000082b00000|  0%| F|  |TAMS 0x0000000082a00000, 0x0000000082a00000| Untracked 
|  43|0x0000000082b00000, 0x0000000082b00000, 0x0000000082c00000|  0%| F|  |TAMS 0x0000000082b00000, 0x0000000082b00000| Untracked 
|  44|0x0000000082c00000, 0x0000000082c00000, 0x0000000082d00000|  0%| F|  |TAMS 0x0000000082c00000, 0x0000000082c00000| Untracked 
|  45|0x0000000082d00000, 0x0000000082d00000, 0x0000000082e00000|  0%| F|  |TAMS 0x0000000082d00000, 0x0000000082d00000| Untracked 
|  46|0x0000000082e00000, 0x0000000082e00000, 0x0000000082f00000|  0%| F|  |TAMS 0x0000000082e00000, 0x0000000082e00000| Untracked 
|  47|0x0000000082f00000, 0x0000000082f00000, 0x0000000083000000|  0%| F|  |TAMS 0x0000000082f00000, 0x0000000082f00000| Untracked 
|  48|0x0000000083000000, 0x0000000083000000, 0x0000000083100000|  0%| F|  |TAMS 0x0000000083000000, 0x0000000083000000| Untracked 
|  49|0x0000000083100000, 0x0000000083100000, 0x0000000083200000|  0%| F|  |TAMS 0x0000000083100000, 0x0000000083100000| Untracked 
|  50|0x0000000083200000, 0x0000000083200000, 0x0000000083300000|  0%| F|  |TAMS 0x0000000083200000, 0x0000000083200000| Untracked 
|  51|0x0000000083300000, 0x0000000083300000, 0x0000000083400000|  0%| F|  |TAMS 0x0000000083300000, 0x0000000083300000| Untracked 
|  52|0x0000000083400000, 0x0000000083400000, 0x0000000083500000|  0%| F|  |TAMS 0x0000000083400000, 0x0000000083400000| Untracked 
|  53|0x0000000083500000, 0x0000000083500000, 0x0000000083600000|  0%| F|  |TAMS 0x0000000083500000, 0x0000000083500000| Untracked 
|  54|0x0000000083600000, 0x0000000083600000, 0x0000000083700000|  0%| F|  |TAMS 0x0000000083600000, 0x0000000083600000| Untracked 
|  55|0x0000000083700000, 0x0000000083700000, 0x0000000083800000|  0%| F|  |TAMS 0x0000000083700000, 0x0000000083700000| Untracked 
|  56|0x0000000083800000, 0x0000000083800000, 0x0000000083900000|  0%| F|  |TAMS 0x0000000083800000, 0x0000000083800000| Untracked 
|  57|0x0000000083900000, 0x0000000083900000, 0x0000000083a00000|  0%| F|  |TAMS 0x0000000083900000, 0x0000000083900000| Untracked 
|  58|0x0000000083a00000, 0x0000000083a00000, 0x0000000083b00000|  0%| F|  |TAMS 0x0000000083a00000, 0x0000000083a00000| Untracked 
|  59|0x0000000083b00000, 0x0000000083b00000, 0x0000000083c00000|  0%| F|  |TAMS 0x0000000083b00000, 0x0000000083b00000| Untracked 
|  60|0x0000000083c00000, 0x0000000083c00000, 0x0000000083d00000|  0%| F|  |TAMS 0x0000000083c00000, 0x0000000083c00000| Untracked 
|  61|0x0000000083d00000, 0x0000000083d00000, 0x0000000083e00000|  0%| F|  |TAMS 0x0000000083d00000, 0x0000000083d00000| Untracked 
|  62|0x0000000083e00000, 0x0000000083e00000, 0x0000000083f00000|  0%| F|  |TAMS 0x0000000083e00000, 0x0000000083e00000| Untracked 
|  63|0x0000000083f00000, 0x0000000083f00000, 0x0000000084000000|  0%| F|  |TAMS 0x0000000083f00000, 0x0000000083f00000| Untracked 
|  64|0x0000000084000000, 0x0000000084000000, 0x0000000084100000|  0%| F|  |TAMS 0x0000000084000000, 0x0000000084000000| Untracked 
|  65|0x0000000084100000, 0x0000000084100000, 0x0000000084200000|  0%| F|  |TAMS 0x0000000084100000, 0x0000000084100000| Untracked 
|  66|0x0000000084200000, 0x0000000084200000, 0x0000000084300000|  0%| F|  |TAMS 0x0000000084200000, 0x0000000084200000| Untracked 
|  67|0x0000000084300000, 0x0000000084300000, 0x0000000084400000|  0%| F|  |TAMS 0x0000000084300000, 0x0000000084300000| Untracked 
|  68|0x0000000084400000, 0x0000000084400000, 0x0000000084500000|  0%| F|  |TAMS 0x0000000084400000, 0x0000000084400000| Untracked 
|  69|0x0000000084500000, 0x0000000084500000, 0x0000000084600000|  0%| F|  |TAMS 0x0000000084500000, 0x0000000084500000| Untracked 
|  70|0x0000000084600000, 0x0000000084600000, 0x0000000084700000|  0%| F|  |TAMS 0x0000000084600000, 0x0000000084600000| Untracked 
|  71|0x0000000084700000, 0x0000000084700000, 0x0000000084800000|  0%| F|  |TAMS 0x0000000084700000, 0x0000000084700000| Untracked 
|  72|0x0000000084800000, 0x0000000084800000, 0x0000000084900000|  0%| F|  |TAMS 0x0000000084800000, 0x0000000084800000| Untracked 
|  73|0x0000000084900000, 0x0000000084900000, 0x0000000084a00000|  0%| F|  |TAMS 0x0000000084900000, 0x0000000084900000| Untracked 
|  74|0x0000000084a00000, 0x0000000084a00000, 0x0000000084b00000|  0%| F|  |TAMS 0x0000000084a00000, 0x0000000084a00000| Untracked 
|  75|0x0000000084b00000, 0x0000000084b00000, 0x0000000084c00000|  0%| F|  |TAMS 0x0000000084b00000, 0x0000000084b00000| Untracked 
|  76|0x0000000084c00000, 0x0000000084c00000, 0x0000000084d00000|  0%| F|  |TAMS 0x0000000084c00000, 0x0000000084c00000| Untracked 
|  77|0x0000000084d00000, 0x0000000084d00000, 0x0000000084e00000|  0%| F|  |TAMS 0x0000000084d00000, 0x0000000084d00000| Untracked 
|  78|0x0000000084e00000, 0x0000000084e00000, 0x0000000084f00000|  0%| F|  |TAMS 0x0000000084e00000, 0x0000000084e00000| Untracked 
|  79|0x0000000084f00000, 0x0000000084f00000, 0x0000000085000000|  0%| F|  |TAMS 0x0000000084f00000, 0x0000000084f00000| Untracked 
|  80|0x0000000085000000, 0x0000000085000000, 0x0000000085100000|  0%| F|  |TAMS 0x0000000085000000, 0x0000000085000000| Untracked 
|  81|0x0000000085100000, 0x0000000085100000, 0x0000000085200000|  0%| F|  |TAMS 0x0000000085100000, 0x0000000085100000| Untracked 
|  82|0x0000000085200000, 0x0000000085200000, 0x0000000085300000|  0%| F|  |TAMS 0x0000000085200000, 0x0000000085200000| Untracked 
|  83|0x0000000085300000, 0x0000000085300000, 0x0000000085400000|  0%| F|  |TAMS 0x0000000085300000, 0x0000000085300000| Untracked 
|  84|0x0000000085400000, 0x0000000085400000, 0x0000000085500000|  0%| F|  |TAMS 0x0000000085400000, 0x0000000085400000| Untracked 
|  85|0x0000000085500000, 0x0000000085500000, 0x0000000085600000|  0%| F|  |TAMS 0x0000000085500000, 0x0000000085500000| Untracked 
|  86|0x0000000085600000, 0x0000000085600000, 0x0000000085700000|  0%| F|  |TAMS 0x0000000085600000, 0x0000000085600000| Untracked 
|  87|0x0000000085700000, 0x0000000085700000, 0x0000000085800000|  0%| F|  |TAMS 0x0000000085700000, 0x0000000085700000| Untracked 
|  88|0x0000000085800000, 0x0000000085800000, 0x0000000085900000|  0%| F|  |TAMS 0x0000000085800000, 0x0000000085800000| Untracked 
|  89|0x0000000085900000, 0x0000000085900000, 0x0000000085a00000|  0%| F|  |TAMS 0x0000000085900000, 0x0000000085900000| Untracked 
|  90|0x0000000085a00000, 0x0000000085a00000, 0x0000000085b00000|  0%| F|  |TAMS 0x0000000085a00000, 0x0000000085a00000| Untracked 
|  91|0x0000000085b00000, 0x0000000085b00000, 0x0000000085c00000|  0%| F|  |TAMS 0x0000000085b00000, 0x0000000085b00000| Untracked 
|  92|0x0000000085c00000, 0x0000000085c00000, 0x0000000085d00000|  0%| F|  |TAMS 0x0000000085c00000, 0x0000000085c00000| Untracked 
|  93|0x0000000085d00000, 0x0000000085d00000, 0x0000000085e00000|  0%| F|  |TAMS 0x0000000085d00000, 0x0000000085d00000| Untracked 
|  94|0x0000000085e00000, 0x0000000085e00000, 0x0000000085f00000|  0%| F|  |TAMS 0x0000000085e00000, 0x0000000085e00000| Untracked 
|  95|0x0000000085f00000, 0x0000000085f00000, 0x0000000086000000|  0%| F|  |TAMS 0x0000000085f00000, 0x0000000085f00000| Untracked 
|  96|0x0000000086000000, 0x0000000086000000, 0x0000000086100000|  0%| F|  |TAMS 0x0000000086000000, 0x0000000086000000| Untracked 
|  97|0x0000000086100000, 0x0000000086100000, 0x0000000086200000|  0%| F|  |TAMS 0x0000000086100000, 0x0000000086100000| Untracked 
|  98|0x0000000086200000, 0x0000000086200000, 0x0000000086300000|  0%| F|  |TAMS 0x0000000086200000, 0x0000000086200000| Untracked 
|  99|0x0000000086300000, 0x0000000086300000, 0x0000000086400000|  0%| F|  |TAMS 0x0000000086300000, 0x0000000086300000| Untracked 
| 100|0x0000000086400000, 0x0000000086400000, 0x0000000086500000|  0%| F|  |TAMS 0x0000000086400000, 0x0000000086400000| Untracked 
| 101|0x0000000086500000, 0x0000000086500000, 0x0000000086600000|  0%| F|  |TAMS 0x0000000086500000, 0x0000000086500000| Untracked 
| 102|0x0000000086600000, 0x0000000086600000, 0x0000000086700000|  0%| F|  |TAMS 0x0000000086600000, 0x0000000086600000| Untracked 
| 103|0x0000000086700000, 0x0000000086700000, 0x0000000086800000|  0%| F|  |TAMS 0x0000000086700000, 0x0000000086700000| Untracked 
| 104|0x0000000086800000, 0x0000000086800000, 0x0000000086900000|  0%| F|  |TAMS 0x0000000086800000, 0x0000000086800000| Untracked 
| 105|0x0000000086900000, 0x0000000086900000, 0x0000000086a00000|  0%| F|  |TAMS 0x0000000086900000, 0x0000000086900000| Untracked 
| 106|0x0000000086a00000, 0x0000000086a00000, 0x0000000086b00000|  0%| F|  |TAMS 0x0000000086a00000, 0x0000000086a00000| Untracked 
| 107|0x0000000086b00000, 0x0000000086b00000, 0x0000000086c00000|  0%| F|  |TAMS 0x0000000086b00000, 0x0000000086b00000| Untracked 
| 108|0x0000000086c00000, 0x0000000086c00000, 0x0000000086d00000|  0%| F|  |TAMS 0x0000000086c00000, 0x0000000086c00000| Untracked 
| 109|0x0000000086d00000, 0x0000000086d00000, 0x0000000086e00000|  0%| F|  |TAMS 0x0000000086d00000, 0x0000000086d00000| Untracked 
| 110|0x0000000086e00000, 0x0000000086e00000, 0x0000000086f00000|  0%| F|  |TAMS 0x0000000086e00000, 0x0000000086e00000| Untracked 
| 111|0x0000000086f00000, 0x0000000086f00000, 0x0000000087000000|  0%| F|  |TAMS 0x0000000086f00000, 0x0000000086f00000| Untracked 
| 112|0x0000000087000000, 0x0000000087000000, 0x0000000087100000|  0%| F|  |TAMS 0x0000000087000000, 0x0000000087000000| Untracked 
| 113|0x0000000087100000, 0x0000000087100000, 0x0000000087200000|  0%| F|  |TAMS 0x0000000087100000, 0x0000000087100000| Untracked 
| 114|0x0000000087200000, 0x0000000087200000, 0x0000000087300000|  0%| F|  |TAMS 0x0000000087200000, 0x0000000087200000| Untracked 
| 115|0x0000000087300000, 0x0000000087300000, 0x0000000087400000|  0%| F|  |TAMS 0x0000000087300000, 0x0000000087300000| Untracked 
| 116|0x0000000087400000, 0x0000000087400000, 0x0000000087500000|  0%| F|  |TAMS 0x0000000087400000, 0x0000000087400000| Untracked 
| 117|0x0000000087500000, 0x0000000087500000, 0x0000000087600000|  0%| F|  |TAMS 0x0000000087500000, 0x0000000087500000| Untracked 
| 118|0x0000000087600000, 0x0000000087600000, 0x0000000087700000|  0%| F|  |TAMS 0x0000000087600000, 0x0000000087600000| Untracked 
| 119|0x0000000087700000, 0x0000000087700000, 0x0000000087800000|  0%| F|  |TAMS 0x0000000087700000, 0x0000000087700000| Untracked 
| 120|0x0000000087800000, 0x0000000087800000, 0x0000000087900000|  0%| F|  |TAMS 0x0000000087800000, 0x0000000087800000| Untracked 
| 121|0x0000000087900000, 0x0000000087900000, 0x0000000087a00000|  0%| F|  |TAMS 0x0000000087900000, 0x0000000087900000| Untracked 
| 122|0x0000000087a00000, 0x0000000087a00000, 0x0000000087b00000|  0%| F|  |TAMS 0x0000000087a00000, 0x0000000087a00000| Untracked 
| 123|0x0000000087b00000, 0x0000000087b00000, 0x0000000087c00000|  0%| F|  |TAMS 0x0000000087b00000, 0x0000000087b00000| Untracked 
| 124|0x0000000087c00000, 0x0000000087c00000, 0x0000000087d00000|  0%| F|  |TAMS 0x0000000087c00000, 0x0000000087c00000| Untracked 
| 125|0x0000000087d00000, 0x0000000087d00000, 0x0000000087e00000|  0%| F|  |TAMS 0x0000000087d00000, 0x0000000087d00000| Untracked 
| 126|0x0000000087e00000, 0x0000000087e00000, 0x0000000087f00000|  0%| F|  |TAMS 0x0000000087e00000, 0x0000000087e00000| Untracked 
| 127|0x0000000087f00000, 0x0000000087f00000, 0x0000000088000000|  0%| F|  |TAMS 0x0000000087f00000, 0x0000000087f00000| Untracked 
| 128|0x0000000088000000, 0x0000000088000000, 0x0000000088100000|  0%| F|  |TAMS 0x0000000088000000, 0x0000000088000000| Untracked 
| 129|0x0000000088100000, 0x0000000088100000, 0x0000000088200000|  0%| F|  |TAMS 0x0000000088100000, 0x0000000088100000| Untracked 
| 130|0x0000000088200000, 0x0000000088200000, 0x0000000088300000|  0%| F|  |TAMS 0x0000000088200000, 0x0000000088200000| Untracked 
| 131|0x0000000088300000, 0x0000000088400000, 0x0000000088400000|100%| S|CS|TAMS 0x0000000088300000, 0x0000000088300000| Complete 
| 132|0x0000000088400000, 0x0000000088500000, 0x0000000088500000|100%| S|CS|TAMS 0x0000000088400000, 0x0000000088400000| Complete 
| 133|0x0000000088500000, 0x0000000088600000, 0x0000000088600000|100%| S|CS|TAMS 0x0000000088500000, 0x0000000088500000| Complete 
| 134|0x0000000088600000, 0x0000000088700000, 0x0000000088700000|100%| S|CS|TAMS 0x0000000088600000, 0x0000000088600000| Complete 
| 135|0x0000000088700000, 0x0000000088800000, 0x0000000088800000|100%| S|CS|TAMS 0x0000000088700000, 0x0000000088700000| Complete 
| 136|0x0000000088800000, 0x0000000088900000, 0x0000000088900000|100%| S|CS|TAMS 0x0000000088800000, 0x0000000088800000| Complete 
| 137|0x0000000088900000, 0x0000000088a00000, 0x0000000088a00000|100%| S|CS|TAMS 0x0000000088900000, 0x0000000088900000| Complete 
| 138|0x0000000088a00000, 0x0000000088b00000, 0x0000000088b00000|100%| S|CS|TAMS 0x0000000088a00000, 0x0000000088a00000| Complete 
| 139|0x0000000088b00000, 0x0000000088c00000, 0x0000000088c00000|100%| S|CS|TAMS 0x0000000088b00000, 0x0000000088b00000| Complete 
| 140|0x0000000088c00000, 0x0000000088d00000, 0x0000000088d00000|100%| S|CS|TAMS 0x0000000088c00000, 0x0000000088c00000| Complete 
| 141|0x0000000088d00000, 0x0000000088e00000, 0x0000000088e00000|100%| S|CS|TAMS 0x0000000088d00000, 0x0000000088d00000| Complete 
| 142|0x0000000088e00000, 0x0000000088f00000, 0x0000000088f00000|100%| S|CS|TAMS 0x0000000088e00000, 0x0000000088e00000| Complete 
| 143|0x0000000088f00000, 0x0000000088f00000, 0x0000000089000000|  0%| F|  |TAMS 0x0000000088f00000, 0x0000000088f00000| Untracked 
| 144|0x0000000089000000, 0x0000000089000000, 0x0000000089100000|  0%| F|  |TAMS 0x0000000089000000, 0x0000000089000000| Untracked 
| 145|0x0000000089100000, 0x0000000089100000, 0x0000000089200000|  0%| F|  |TAMS 0x0000000089100000, 0x0000000089100000| Untracked 
| 146|0x0000000089200000, 0x0000000089200000, 0x0000000089300000|  0%| F|  |TAMS 0x0000000089200000, 0x0000000089200000| Untracked 
| 147|0x0000000089300000, 0x0000000089300000, 0x0000000089400000|  0%| F|  |TAMS 0x0000000089300000, 0x0000000089300000| Untracked 
| 148|0x0000000089400000, 0x0000000089400000, 0x0000000089500000|  0%| F|  |TAMS 0x0000000089400000, 0x0000000089400000| Untracked 
| 149|0x0000000089500000, 0x0000000089500000, 0x0000000089600000|  0%| F|  |TAMS 0x0000000089500000, 0x0000000089500000| Untracked 
| 150|0x0000000089600000, 0x0000000089600000, 0x0000000089700000|  0%| F|  |TAMS 0x0000000089600000, 0x0000000089600000| Untracked 
| 151|0x0000000089700000, 0x0000000089700000, 0x0000000089800000|  0%| F|  |TAMS 0x0000000089700000, 0x0000000089700000| Untracked 
| 152|0x0000000089800000, 0x0000000089800000, 0x0000000089900000|  0%| F|  |TAMS 0x0000000089800000, 0x0000000089800000| Untracked 
| 153|0x0000000089900000, 0x0000000089900000, 0x0000000089a00000|  0%| F|  |TAMS 0x0000000089900000, 0x0000000089900000| Untracked 
| 154|0x0000000089a00000, 0x0000000089a00000, 0x0000000089b00000|  0%| F|  |TAMS 0x0000000089a00000, 0x0000000089a00000| Untracked 
| 155|0x0000000089b00000, 0x0000000089b00000, 0x0000000089c00000|  0%| F|  |TAMS 0x0000000089b00000, 0x0000000089b00000| Untracked 
| 156|0x0000000089c00000, 0x0000000089c00000, 0x0000000089d00000|  0%| F|  |TAMS 0x0000000089c00000, 0x0000000089c00000| Untracked 
| 157|0x0000000089d00000, 0x0000000089d00000, 0x0000000089e00000|  0%| F|  |TAMS 0x0000000089d00000, 0x0000000089d00000| Untracked 
| 158|0x0000000089e00000, 0x0000000089e00000, 0x0000000089f00000|  0%| F|  |TAMS 0x0000000089e00000, 0x0000000089e00000| Untracked 
| 159|0x0000000089f00000, 0x0000000089f00000, 0x000000008a000000|  0%| F|  |TAMS 0x0000000089f00000, 0x0000000089f00000| Untracked 
| 160|0x000000008a000000, 0x000000008a000000, 0x000000008a100000|  0%| F|  |TAMS 0x000000008a000000, 0x000000008a000000| Untracked 
| 161|0x000000008a100000, 0x000000008a100000, 0x000000008a200000|  0%| F|  |TAMS 0x000000008a100000, 0x000000008a100000| Untracked 
| 162|0x000000008a200000, 0x000000008a200000, 0x000000008a300000|  0%| F|  |TAMS 0x000000008a200000, 0x000000008a200000| Untracked 
| 163|0x000000008a300000, 0x000000008a300000, 0x000000008a400000|  0%| F|  |TAMS 0x000000008a300000, 0x000000008a300000| Untracked 
| 164|0x000000008a400000, 0x000000008a400000, 0x000000008a500000|  0%| F|  |TAMS 0x000000008a400000, 0x000000008a400000| Untracked 
| 165|0x000000008a500000, 0x000000008a500000, 0x000000008a600000|  0%| F|  |TAMS 0x000000008a500000, 0x000000008a500000| Untracked 
| 166|0x000000008a600000, 0x000000008a600000, 0x000000008a700000|  0%| F|  |TAMS 0x000000008a600000, 0x000000008a600000| Untracked 
| 167|0x000000008a700000, 0x000000008a700000, 0x000000008a800000|  0%| F|  |TAMS 0x000000008a700000, 0x000000008a700000| Untracked 
| 168|0x000000008a800000, 0x000000008a800000, 0x000000008a900000|  0%| F|  |TAMS 0x000000008a800000, 0x000000008a800000| Untracked 
| 169|0x000000008a900000, 0x000000008a900000, 0x000000008aa00000|  0%| F|  |TAMS 0x000000008a900000, 0x000000008a900000| Untracked 
| 170|0x000000008aa00000, 0x000000008aa00000, 0x000000008ab00000|  0%| F|  |TAMS 0x000000008aa00000, 0x000000008aa00000| Untracked 
| 171|0x000000008ab00000, 0x000000008ab00000, 0x000000008ac00000|  0%| F|  |TAMS 0x000000008ab00000, 0x000000008ab00000| Untracked 
| 172|0x000000008ac00000, 0x000000008ac00000, 0x000000008ad00000|  0%| F|  |TAMS 0x000000008ac00000, 0x000000008ac00000| Untracked 
| 173|0x000000008ad00000, 0x000000008ad00000, 0x000000008ae00000|  0%| F|  |TAMS 0x000000008ad00000, 0x000000008ad00000| Untracked 
| 174|0x000000008ae00000, 0x000000008ae00000, 0x000000008af00000|  0%| F|  |TAMS 0x000000008ae00000, 0x000000008ae00000| Untracked 
| 175|0x000000008af00000, 0x000000008af00000, 0x000000008b000000|  0%| F|  |TAMS 0x000000008af00000, 0x000000008af00000| Untracked 
| 176|0x000000008b000000, 0x000000008b000000, 0x000000008b100000|  0%| F|  |TAMS 0x000000008b000000, 0x000000008b000000| Untracked 
| 177|0x000000008b100000, 0x000000008b100000, 0x000000008b200000|  0%| F|  |TAMS 0x000000008b100000, 0x000000008b100000| Untracked 
| 178|0x000000008b200000, 0x000000008b200000, 0x000000008b300000|  0%| F|  |TAMS 0x000000008b200000, 0x000000008b200000| Untracked 
| 179|0x000000008b300000, 0x000000008b300000, 0x000000008b400000|  0%| F|  |TAMS 0x000000008b300000, 0x000000008b300000| Untracked 
| 180|0x000000008b400000, 0x000000008b400000, 0x000000008b500000|  0%| F|  |TAMS 0x000000008b400000, 0x000000008b400000| Untracked 
| 181|0x000000008b500000, 0x000000008b500000, 0x000000008b600000|  0%| F|  |TAMS 0x000000008b500000, 0x000000008b500000| Untracked 
| 182|0x000000008b600000, 0x000000008b600000, 0x000000008b700000|  0%| F|  |TAMS 0x000000008b600000, 0x000000008b600000| Untracked 
| 183|0x000000008b700000, 0x000000008b700000, 0x000000008b800000|  0%| F|  |TAMS 0x000000008b700000, 0x000000008b700000| Untracked 
| 184|0x000000008b800000, 0x000000008b800000, 0x000000008b900000|  0%| F|  |TAMS 0x000000008b800000, 0x000000008b800000| Untracked 
| 185|0x000000008b900000, 0x000000008b900000, 0x000000008ba00000|  0%| F|  |TAMS 0x000000008b900000, 0x000000008b900000| Untracked 
| 186|0x000000008ba00000, 0x000000008ba00000, 0x000000008bb00000|  0%| F|  |TAMS 0x000000008ba00000, 0x000000008ba00000| Untracked 
| 187|0x000000008bb00000, 0x000000008bb00000, 0x000000008bc00000|  0%| F|  |TAMS 0x000000008bb00000, 0x000000008bb00000| Untracked 
| 188|0x000000008bc00000, 0x000000008bc00000, 0x000000008bd00000|  0%| F|  |TAMS 0x000000008bc00000, 0x000000008bc00000| Untracked 
| 189|0x000000008bd00000, 0x000000008bd00000, 0x000000008be00000|  0%| F|  |TAMS 0x000000008bd00000, 0x000000008bd00000| Untracked 

Card table byte_map: [0x0000015299e60000,0x000001529a260000] _byte_map_base: 0x0000015299a60000

Marking Bits (Prev, Next): (CMBitMap*) 0x00000152852fb508, (CMBitMap*) 0x00000152852fb540
 Prev Bits: [0x000001529a660000, 0x000001529c660000)
 Next Bits: [0x000001529c660000, 0x000001529e660000)

Polling page: 0x00000152853a0000

Metaspace:

Usage:
  Non-class:     41.10 MB capacity,    40.31 MB ( 98%) used,   703.30 KB (  2%) free+waste,   103.44 KB ( <1%) overhead. 
      Class:      6.24 MB capacity,     5.87 MB ( 94%) used,   331.16 KB (  5%) free+waste,    49.56 KB ( <1%) overhead. 
       Both:     47.34 MB capacity,    46.18 MB ( 98%) used,     1.01 MB (  2%) free+waste,   153.00 KB ( <1%) overhead. 

Virtual space:
  Non-class space:       52.00 MB reserved,      41.12 MB ( 79%) committed 
      Class space:        1.00 GB reserved,       6.25 MB ( <1%) committed 
             Both:        1.05 GB reserved,      47.37 MB (  4%) committed 

Chunk freelists:
   Non-Class:  25.00 KB
       Class:  6.00 KB
        Both:  31.00 KB

MaxMetaspaceSize: 17179869184.00 GB
CompressedClassSpaceSize: 1.00 GB

CodeHeap 'non-profiled nmethods': size=120064Kb used=2335Kb max_used=2366Kb free=117728Kb
 bounds [0x0000015291f00000, 0x0000015292170000, 0x0000015299440000]
CodeHeap 'profiled nmethods': size=120000Kb used=8934Kb max_used=8934Kb free=111065Kb
 bounds [0x000001528a9d0000, 0x000001528b2a0000, 0x0000015291f00000]
CodeHeap 'non-nmethods': size=5696Kb used=2200Kb max_used=2237Kb free=3495Kb
 bounds [0x000001528a440000, 0x000001528a6b0000, 0x000001528a9d0000]
 total_blobs=5094 nmethods=4331 adapters=673
 compilation: enabled
              stopped_count=0, restarted_count=0
 full_count=0

Compilation events (20 events):
Event: 15.966 Thread 0x00000152a0cc1800 nmethod 4580 0x000001528a9ddd90 code [0x000001528a9ddf40, 0x000001528a9de128]
Event: 15.969 Thread 0x00000152a0cc1800 4581       3       sun.reflect.generics.parser.SignatureParser::parseZeroOrMoreThrowsSignatures (51 bytes)
Event: 15.970 Thread 0x00000152a0cc1800 nmethod 4581 0x000001528aa8a610 code [0x000001528aa8a880, 0x000001528aa8b238]
Event: 15.986 Thread 0x00000152a0cc1800 4582       3       com.google.common.collect.MapMakerInternalMap$StrongKeyWeakValueEntry$Helper::newEntry (16 bytes)
Event: 15.986 Thread 0x00000152a0cc1800 nmethod 4582 0x000001528ac6a810 code [0x000001528ac6aa00, 0x000001528ac6b038]
Event: 15.986 Thread 0x00000152a0cc1800 4583       3       com.google.common.collect.MapMakerInternalMap$StrongKeyWeakValueEntry$Helper::newEntry (12 bytes)
Event: 15.987 Thread 0x00000152a0cc1800 nmethod 4583 0x000001528acaa710 code [0x000001528acaa8e0, 0x000001528acaacd8]
Event: 15.987 Thread 0x00000152a0cc1800 4584       3       com.google.common.collect.MapMakerInternalMap$StrongKeyWeakValueEntry$Helper::setValue (14 bytes)
Event: 15.987 Thread 0x00000152a0cc1800 nmethod 4584 0x000001528acf5c10 code [0x000001528acf5e20, 0x000001528acf64d8]
Event: 15.987 Thread 0x00000152a0cc1800 4585       3       com.google.common.collect.MapMakerInternalMap$StrongKeyWeakValueEntry$Helper::setValue (10 bytes)
Event: 15.987 Thread 0x00000152a0cc1800 nmethod 4585 0x000001528ad0a890 code [0x000001528ad0aa80, 0x000001528ad0af18]
Event: 15.988 Thread 0x00000152a0cc1800 4586       3       com.google.common.collect.MapMakerInternalMap$StrongKeyWeakValueEntry::setValue (26 bytes)
Event: 15.988 Thread 0x00000152a0cc1800 nmethod 4586 0x000001528ad12b10 code [0x000001528ad12d00, 0x000001528ad13268]
Event: 15.988 Thread 0x00000152a0cc1800 4587       3       com.google.common.collect.MapMakerInternalMap$1::clear (1 bytes)
Event: 15.988 Thread 0x00000152a0cc1800 nmethod 4587 0x000001528a9e6010 code [0x000001528a9e61c0, 0x000001528a9e62b8]
Event: 15.997 Thread 0x00000152a0cc1800 4588       3       org.objectweb.asm.ByteVector::putUTF8 (144 bytes)
Event: 15.999 Thread 0x00000152a0cc1800 nmethod 4588 0x000001528ad11810 code [0x000001528ad11aa0, 0x000001528ad125c8]
Event: 15.999 Thread 0x00000152a0cc1800 4589       3       org.objectweb.asm.SymbolTable::hash (7 bytes)
Event: 15.999 Thread 0x00000152a0cc1800 nmethod 4589 0x000001528aa04910 code [0x000001528aa04ac0, 0x000001528aa04bb8]
Event: 16.011 Thread 0x00000152a0cbd800 4590   !   4       java.lang.ClassLoader::loadClass (122 bytes)

GC Heap History (18 events):
Event: 0.801 GC heap before
{Heap before GC invocations=0 (full 0):
 garbage-first heap   total 131072K, used 19456K [0x0000000080000000, 0x0000000100000000)
  region size 1024K, 14 young (14336K), 0 survivors (0K)
 Metaspace       used 7461K, capacity 7663K, committed 7936K, reserved 1056768K
  class space    used 688K, capacity 748K, committed 768K, reserved 1048576K
}
Event: 0.847 GC heap after
{Heap after GC invocations=1 (full 0):
 garbage-first heap   total 131072K, used 7960K [0x0000000080000000, 0x0000000100000000)
  region size 1024K, 2 young (2048K), 2 survivors (2048K)
 Metaspace       used 7461K, capacity 7663K, committed 7936K, reserved 1056768K
  class space    used 688K, capacity 748K, committed 768K, reserved 1048576K
}
Event: 1.325 GC heap before
{Heap before GC invocations=1 (full 0):
 garbage-first heap   total 131072K, used 20248K [0x0000000080000000, 0x0000000100000000)
  region size 1024K, 14 young (14336K), 2 survivors (2048K)
 Metaspace       used 10862K, capacity 11128K, committed 11264K, reserved 1058816K
  class space    used 1144K, capacity 1201K, committed 1280K, reserved 1048576K
}
Event: 1.328 GC heap after
{Heap after GC invocations=2 (full 0):
 garbage-first heap   total 131072K, used 8914K [0x0000000080000000, 0x0000000100000000)
  region size 1024K, 1 young (1024K), 1 survivors (1024K)
 Metaspace       used 10862K, capacity 11128K, committed 11264K, reserved 1058816K
  class space    used 1144K, capacity 1201K, committed 1280K, reserved 1048576K
}
Event: 1.881 GC heap before
{Heap before GC invocations=2 (full 0):
 garbage-first heap   total 131072K, used 36562K [0x0000000080000000, 0x0000000100000000)
  region size 1024K, 29 young (29696K), 1 survivors (1024K)
 Metaspace       used 11016K, capacity 11256K, committed 11520K, reserved 1058816K
  class space    used 1146K, capacity 1201K, committed 1280K, reserved 1048576K
}
Event: 1.886 GC heap after
{Heap after GC invocations=3 (full 0):
 garbage-first heap   total 131072K, used 13212K [0x0000000080000000, 0x0000000100000000)
  region size 1024K, 4 young (4096K), 4 survivors (4096K)
 Metaspace       used 11016K, capacity 11256K, committed 11520K, reserved 1058816K
  class space    used 1146K, capacity 1201K, committed 1280K, reserved 1048576K
}
Event: 4.623 GC heap before
{Heap before GC invocations=3 (full 0):
 garbage-first heap   total 131072K, used 55196K [0x0000000080000000, 0x0000000100000000)
  region size 1024K, 45 young (46080K), 4 survivors (4096K)
 Metaspace       used 18968K, capacity 19454K, committed 19712K, reserved 1067008K
  class space    used 2290K, capacity 2458K, committed 2560K, reserved 1048576K
}
Event: 4.668 GC heap after
{Heap after GC invocations=4 (full 0):
 garbage-first heap   total 131072K, used 15881K [0x0000000080000000, 0x0000000100000000)
  region size 1024K, 3 young (3072K), 3 survivors (3072K)
 Metaspace       used 18968K, capacity 19454K, committed 19712K, reserved 1067008K
  class space    used 2290K, capacity 2458K, committed 2560K, reserved 1048576K
}
Event: 4.978 GC heap before
{Heap before GC invocations=4 (full 0):
 garbage-first heap   total 131072K, used 27145K [0x0000000080000000, 0x0000000100000000)
  region size 1024K, 15 young (15360K), 3 survivors (3072K)
 Metaspace       used 20613K, capacity 21127K, committed 21296K, reserved 1069056K
  class space    used 2520K, capacity 2680K, committed 2688K, reserved 1048576K
}
Event: 4.986 GC heap after
{Heap after GC invocations=5 (full 0):
 garbage-first heap   total 131072K, used 16411K [0x0000000080000000, 0x0000000100000000)
  region size 1024K, 4 young (4096K), 4 survivors (4096K)
 Metaspace       used 20613K, capacity 21127K, committed 21296K, reserved 1069056K
  class space    used 2520K, capacity 2680K, committed 2688K, reserved 1048576K
}
Event: 6.432 GC heap before
{Heap before GC invocations=6 (full 0):
 garbage-first heap   total 131072K, used 65563K [0x0000000080000000, 0x0000000100000000)
  region size 1024K, 52 young (53248K), 4 survivors (4096K)
 Metaspace       used 26123K, capacity 26725K, committed 26928K, reserved 1073152K
  class space    used 3407K, capacity 3634K, committed 3712K, reserved 1048576K
}
Event: 6.440 GC heap after
{Heap after GC invocations=7 (full 0):
 garbage-first heap   total 131072K, used 18215K [0x0000000080000000, 0x0000000100000000)
  region size 1024K, 5 young (5120K), 5 survivors (5120K)
 Metaspace       used 26123K, capacity 26725K, committed 26928K, reserved 1073152K
  class space    used 3407K, capacity 3634K, committed 3712K, reserved 1048576K
}
Event: 8.855 GC heap before
{Heap before GC invocations=7 (full 0):
 garbage-first heap   total 131072K, used 68391K [0x0000000080000000, 0x0000000100000000)
  region size 1024K, 55 young (56320K), 5 survivors (5120K)
 Metaspace       used 34888K, capacity 35629K, committed 35708K, reserved 1081344K
  class space    used 4531K, capacity 4817K, committed 4864K, reserved 1048576K
}
Event: 8.874 GC heap after
{Heap after GC invocations=8 (full 0):
 garbage-first heap   total 131072K, used 21662K [0x0000000080000000, 0x0000000100000000)
  region size 1024K, 6 young (6144K), 6 survivors (6144K)
 Metaspace       used 34888K, capacity 35629K, committed 35708K, reserved 1081344K
  class space    used 4531K, capacity 4817K, committed 4864K, reserved 1048576K
}
Event: 11.595 GC heap before
{Heap before GC invocations=9 (full 0):
 garbage-first heap   total 131072K, used 81054K [0x0000000080000000, 0x0000000100000000)
  region size 1024K, 61 young (62464K), 6 survivors (6144K)
 Metaspace       used 40647K, capacity 41543K, committed 41724K, reserved 1085440K
  class space    used 5184K, capacity 5501K, committed 5504K, reserved 1048576K
}
Event: 11.609 GC heap after
{Heap after GC invocations=10 (full 0):
 garbage-first heap   total 131072K, used 24657K [0x0000000080000000, 0x0000000100000000)
  region size 1024K, 7 young (7168K), 7 survivors (7168K)
 Metaspace       used 40647K, capacity 41543K, committed 41724K, reserved 1085440K
  class space    used 5184K, capacity 5501K, committed 5504K, reserved 1048576K
}
Event: 14.379 GC heap before
{Heap before GC invocations=10 (full 0):
 garbage-first heap   total 131072K, used 84049K [0x0000000080000000, 0x0000000100000000)
  region size 1024K, 65 young (66560K), 7 survivors (7168K)
 Metaspace       used 44301K, capacity 45387K, committed 45692K, reserved 1089536K
  class space    used 5668K, capacity 6040K, committed 6144K, reserved 1048576K
}
Event: 14.394 GC heap after
{Heap after GC invocations=11 (full 0):
 garbage-first heap   total 194560K, used 27262K [0x0000000080000000, 0x0000000100000000)
  region size 1024K, 6 young (6144K), 6 survivors (6144K)
 Metaspace       used 44301K, capacity 45387K, committed 45692K, reserved 1089536K
  class space    used 5668K, capacity 6040K, committed 6144K, reserved 1048576K
}

Deoptimization events (20 events):
Event: 15.877 Thread 0x00000152a2614000 Uncommon trap: trap_request=0xffffff4d fr.pc=0x0000015292054644 relative=0x0000000000000744
Event: 15.877 Thread 0x00000152a2614000 Uncommon trap: reason=unstable_if action=reinterpret pc=0x0000015292054644 method=java.io.BufferedInputStream.read([BII)I @ 56 c2
Event: 15.877 Thread 0x00000152a2614000 DEOPT PACKING pc=0x0000015292054644 sp=0x0000002e385f7140
Event: 15.878 Thread 0x00000152a2614000 DEOPT UNPACKING pc=0x000001528a4674af sp=0x0000002e385f70f8 mode 2
Event: 15.879 Thread 0x00000152a2614000 Uncommon trap: trap_request=0xffffff4d fr.pc=0x0000015291f6b174 relative=0x0000000000000054
Event: 15.879 Thread 0x00000152a2614000 Uncommon trap: reason=unstable_if action=reinterpret pc=0x0000015291f6b174 method=java.util.regex.Pattern.has(I)Z @ 6 c2
Event: 15.879 Thread 0x00000152a2614000 DEOPT PACKING pc=0x0000015291f6b174 sp=0x0000002e385f6260
Event: 15.879 Thread 0x00000152a2614000 DEOPT UNPACKING pc=0x000001528a4674af sp=0x0000002e385f61f0 mode 2
Event: 15.951 Thread 0x00000152a2614000 Uncommon trap: trap_request=0xffffff45 fr.pc=0x000001529206f010 relative=0x0000000000000d50
Event: 15.951 Thread 0x00000152a2614000 Uncommon trap: reason=unstable_fused_if action=reinterpret pc=0x000001529206f010 method=org.objectweb.asm.ByteVector.putUTF8(Ljava/lang/String;)Lorg/objectweb/asm/ByteVector; @ 93 c2
Event: 15.951 Thread 0x00000152a2614000 DEOPT PACKING pc=0x000001529206f010 sp=0x0000002e385f7ce0
Event: 15.951 Thread 0x00000152a2614000 DEOPT UNPACKING pc=0x000001528a4674af sp=0x0000002e385f7c38 mode 2
Event: 15.956 Thread 0x00000152a2614000 Uncommon trap: trap_request=0xffffff4d fr.pc=0x000001529207b954 relative=0x0000000000002a54
Event: 15.956 Thread 0x00000152a2614000 Uncommon trap: reason=unstable_if action=reinterpret pc=0x000001529207b954 method=org.objectweb.asm.Frame.execute(IILorg/objectweb/asm/Symbol;Lorg/objectweb/asm/SymbolTable;)V @ 1 c2
Event: 15.956 Thread 0x00000152a2614000 DEOPT PACKING pc=0x000001529207b954 sp=0x0000002e385f7eb0
Event: 15.956 Thread 0x00000152a2614000 DEOPT UNPACKING pc=0x000001528a4674af sp=0x0000002e385f7e68 mode 2
Event: 15.997 Thread 0x00000152a2614000 Uncommon trap: trap_request=0xffffff45 fr.pc=0x0000015292017dec relative=0x000000000000020c
Event: 15.997 Thread 0x00000152a2614000 Uncommon trap: reason=unstable_fused_if action=reinterpret pc=0x0000015292017dec method=org.objectweb.asm.ByteVector.putUTF8(Ljava/lang/String;)Lorg/objectweb/asm/ByteVector; @ 93 c2
Event: 15.997 Thread 0x00000152a2614000 DEOPT PACKING pc=0x0000015292017dec sp=0x0000002e385f7c30
Event: 15.997 Thread 0x00000152a2614000 DEOPT UNPACKING pc=0x000001528a4674af sp=0x0000002e385f7bb0 mode 2

Classes redefined (0 events):
No events

Internal exceptions (20 events):
Event: 15.458 Thread 0x00000152a2614000 Exception <a 'java/lang/ClassNotFoundException'{0x000000008a195da8}: org/gradle/api/tasks/Delete_DecoratedCustomizer> (0x000000008a195da8) thrown at [./src/hotspot/share/classfile/systemDictionary.cpp, line 231]
Event: 15.477 Thread 0x00000152a2614000 Exception <a 'java/lang/NoSuchMethodError'{0x000000008a02db28}: 'long java.lang.invoke.DirectMethodHandle$Holder.invokeVirtual(java.lang.Object, java.lang.Object)'> (0x000000008a02db28) thrown at [./src/hotspot/share/interpreter/linkResolver.cpp, line 773]
Event: 15.486 Thread 0x00000152a3df3800 Exception <a 'java/lang/NoSuchMethodError'{0x000000008bd08e08}: <clinit>> (0x000000008bd08e08) thrown at [./src/hotspot/share/prims/jni.cpp, line 1362]
Event: 15.490 Thread 0x00000152a3df3800 Exception <a 'java/lang/NoSuchMethodError'{0x000000008a0c6f80}: <clinit>> (0x000000008a0c6f80) thrown at [./src/hotspot/share/prims/jni.cpp, line 1362]
Event: 15.490 Thread 0x00000152a3df3800 Exception <a 'java/lang/NoSuchMethodError'{0x000000008a0c8090}: <clinit>> (0x000000008a0c8090) thrown at [./src/hotspot/share/prims/jni.cpp, line 1362]
Event: 15.490 Thread 0x00000152a3df3800 Exception <a 'java/lang/NoSuchMethodError'{0x000000008a0c9398}: <clinit>> (0x000000008a0c9398) thrown at [./src/hotspot/share/prims/jni.cpp, line 1362]
Event: 15.490 Thread 0x00000152a3df3800 Exception <a 'java/lang/NoSuchMethodError'{0x000000008a0ca648}: <clinit>> (0x000000008a0ca648) thrown at [./src/hotspot/share/prims/jni.cpp, line 1362]
Event: 15.491 Thread 0x00000152a3df3800 Exception <a 'java/lang/NoSuchMethodError'{0x000000008a0d41f0}: <clinit>> (0x000000008a0d41f0) thrown at [./src/hotspot/share/prims/jni.cpp, line 1362]
Event: 15.492 Thread 0x00000152a3df3800 Exception <a 'java/lang/NoSuchMethodError'{0x000000008a0de408}: <clinit>> (0x000000008a0de408) thrown at [./src/hotspot/share/prims/jni.cpp, line 1362]
Event: 15.495 Thread 0x00000152a3df3800 Exception <a 'java/lang/NoSuchMethodError'{0x000000008a0f1f98}: <clinit>> (0x000000008a0f1f98) thrown at [./src/hotspot/share/prims/jni.cpp, line 1362]
Event: 15.517 Thread 0x00000152a2614000 Exception <a 'java/lang/ClassNotFoundException'{0x0000000089f626f8}: build_4hqjo39b2wbncp6ofae5mumrjBeanInfo> (0x0000000089f626f8) thrown at [./src/hotspot/share/classfile/systemDictionary.cpp, line 231]
Event: 15.517 Thread 0x00000152a2614000 Exception <a 'java/lang/ClassNotFoundException'{0x0000000089f6b500}: build_4hqjo39b2wbncp6ofae5mumrjCustomizer> (0x0000000089f6b500) thrown at [./src/hotspot/share/classfile/systemDictionary.cpp, line 231]
Event: 15.528 Thread 0x00000152a2614000 Exception <a 'java/lang/ClassNotFoundException'{0x0000000089fda588}: org/gradle/plugin/use/internal/PluginRequestCollector$PluginDependenciesSpecImplBeanInfo> (0x0000000089fda588) thrown at [./src/hotspot/share/classfile/systemDictionary.cpp, line 231]
Event: 15.530 Thread 0x00000152a2614000 Exception <a 'java/lang/ClassNotFoundException'{0x0000000089e00800}: org/gradle/plugin/use/internal/PluginRequestCollector$PluginDependenciesSpecImplCustomizer> (0x0000000089e00800) thrown at [./src/hotspot/share/classfile/systemDictionary.cpp, line 231]
Event: 15.548 Thread 0x00000152a2614000 Exception <a 'java/lang/NoSuchMethodError'{0x0000000089e720d8}: 'void java.lang.invoke.DirectMethodHandle$Holder.invokeInterface(java.lang.Object, java.lang.Object)'> (0x0000000089e720d8) thrown at [./src/hotspot/share/interpreter/linkResolver.cpp, line 773]
Event: 15.593 Thread 0x00000152a2614000 Exception <a 'java/lang/ClassNotFoundException'{0x0000000089c2fbe8}: org/gradle/api/internal/plugins/DefaultObjectConfigurationActionBeanInfo> (0x0000000089c2fbe8) thrown at [./src/hotspot/share/classfile/systemDictionary.cpp, line 231]
Event: 15.594 Thread 0x00000152a2614000 Exception <a 'java/lang/ClassNotFoundException'{0x0000000089c5ba08}: org/gradle/api/internal/plugins/DefaultObjectConfigurationActionCustomizer> (0x0000000089c5ba08) thrown at [./src/hotspot/share/classfile/systemDictionary.cpp, line 231]
Event: 15.954 Thread 0x00000152a2614000 Exception <a 'java/lang/NoSuchMethodError'{0x0000000089323518}: 'java.lang.Object java.lang.invoke.DirectMethodHandle$Holder.invokeStatic(java.lang.Object, java.lang.Object, java.lang.Object, java.lang.Object, int)'> (0x0000000089323518) thrown at [./src/hotspot/share/interpreter/linkResolver.cpp, line 773]
Event: 15.954 Thread 0x00000152a2614000 Exception <a 'java/lang/NoSuchMethodError'{0x0000000089327f10}: 'java.lang.Object java.lang.invoke.DirectMethodHandle$Holder.invokeSpecial(java.lang.Object, java.lang.Object, java.lang.Object, java.lang.Object, java.lang.Object, int)'> (0x0000000089327f10) thrown at [./src/hotspot/share/interpreter/linkResolver.cpp, line 773]
Event: 15.955 Thread 0x00000152a2614000 Exception <a 'java/lang/NoSuchMethodError'{0x000000008932c550}: 'java.lang.Object java.lang.invoke.Invokers$Holder.linkToTargetMethod(java.lang.Object, java.lang.Object, java.lang.Object, int, java.lang.Object)'> (0x000000008932c550) thrown at [./src/hotspot/share/interpreter/linkResolver.cpp, line 773]

Events (20 events):
Event: 16.010 loading class com/google/protobuf/AbstractMessage$BuilderParent
Event: 16.010 loading class com/google/protobuf/AbstractMessage$BuilderParent done
Event: 16.010 loading class com/google/protobuf/Internal$FloatList
Event: 16.010 loading class com/google/protobuf/Internal$FloatList done
Event: 16.011 loading class com/google/protobuf/Internal$ProtobufList
Event: 16.011 loading class com/google/protobuf/Internal$ProtobufList done
Event: 16.011 loading class com/google/protobuf/Internal$BooleanList
Event: 16.011 loading class com/google/protobuf/Internal$BooleanList done
Event: 16.012 loading class com/google/protobuf/Internal$LongList
Event: 16.012 loading class com/google/protobuf/Internal$LongList done
Event: 16.013 loading class com/google/protobuf/Internal$DoubleList
Event: 16.013 loading class com/google/protobuf/Internal$DoubleList done
Event: 16.014 loading class com/google/protobuf/Internal$IntList
Event: 16.014 loading class com/google/protobuf/Internal$IntList done
Event: 16.015 loading class com/google/protobuf/LazyStringList
Event: 16.015 loading class com/google/protobuf/LazyStringList done
Event: 16.015 loading class com/google/protobuf/ProtocolStringList
Event: 16.015 loading class com/google/protobuf/ProtocolStringList done
Event: 16.016 loading class com/google/protobuf/Parser
Event: 16.016 loading class com/google/protobuf/Parser done


Dynamic libraries:
0x00007ff6cf440000 - 0x00007ff6cf44a000 	C:\Program Files\Android\Android Studio\jre\bin\java.exe
0x00007ffbbbb50000 - 0x00007ffbbbd48000 	C:\WINDOWS\SYSTEM32\ntdll.dll
0x00007ffbb9c30000 - 0x00007ffbb9cef000 	C:\WINDOWS\System32\KERNEL32.DLL
0x00007ffbb9540000 - 0x00007ffbb9812000 	C:\WINDOWS\System32\KERNELBASE.dll
0x00007ffbb99b0000 - 0x00007ffbb9ab0000 	C:\WINDOWS\System32\ucrtbase.dll
0x00007ffbb1440000 - 0x00007ffbb1457000 	C:\Program Files\Android\Android Studio\jre\bin\VCRUNTIME140.dll
0x00007ffbb3b60000 - 0x00007ffbb3b79000 	C:\Program Files\Android\Android Studio\jre\bin\jli.dll
0x00007ffbbae70000 - 0x00007ffbbb011000 	C:\WINDOWS\System32\USER32.dll
0x00007ffbb9980000 - 0x00007ffbb99a2000 	C:\WINDOWS\System32\win32u.dll
0x00007ffb9e5c0000 - 0x00007ffb9e85a000 	C:\WINDOWS\WinSxS\amd64_microsoft.windows.common-controls_6595b64144ccf1df_6.0.19041.1110_none_60b5254171f9507e\COMCTL32.dll
0x00007ffbba160000 - 0x00007ffbba18b000 	C:\WINDOWS\System32\GDI32.dll
0x00007ffbb9e10000 - 0x00007ffbb9eae000 	C:\WINDOWS\System32\msvcrt.dll
0x00007ffbb9240000 - 0x00007ffbb934f000 	C:\WINDOWS\System32\gdi32full.dll
0x00007ffbb9470000 - 0x00007ffbb950d000 	C:\WINDOWS\System32\msvcp_win.dll
0x00007ffbb9b90000 - 0x00007ffbb9bc2000 	C:\WINDOWS\System32\IMM32.DLL
0x00007ffb8fb50000 - 0x00007ffb8fbed000 	C:\Program Files\Android\Android Studio\jre\bin\msvcp140.dll
0x00007ffb80650000 - 0x00007ffb8110c000 	C:\Program Files\Android\Android Studio\jre\bin\server\jvm.dll
0x00007ffbba0b0000 - 0x00007ffbba15e000 	C:\WINDOWS\System32\ADVAPI32.dll
0x00007ffbba550000 - 0x00007ffbba5ec000 	C:\WINDOWS\System32\sechost.dll
0x00007ffbbb9e0000 - 0x00007ffbbbb05000 	C:\WINDOWS\System32\RPCRT4.dll
0x00007ffbba5f0000 - 0x00007ffbba5f8000 	C:\WINDOWS\System32\PSAPI.DLL
0x00007ffba32b0000 - 0x00007ffba32b9000 	C:\WINDOWS\SYSTEM32\WSOCK32.dll
0x00007ffbba600000 - 0x00007ffbba66b000 	C:\WINDOWS\System32\WS2_32.dll
0x00007ffb9e3e0000 - 0x00007ffb9e407000 	C:\WINDOWS\SYSTEM32\WINMM.dll
0x00007ffbabb50000 - 0x00007ffbabb5a000 	C:\WINDOWS\SYSTEM32\VERSION.dll
0x00007ffbb7a90000 - 0x00007ffbb7aa2000 	C:\WINDOWS\SYSTEM32\kernel.appcore.dll
0x00007ffb8ec70000 - 0x00007ffb8ec81000 	C:\Program Files\Android\Android Studio\jre\bin\verify.dll
0x00007ffbb77b0000 - 0x00007ffbb7994000 	C:\WINDOWS\SYSTEM32\DBGHELP.DLL
0x00007ffbb4320000 - 0x00007ffbb4355000 	C:\WINDOWS\SYSTEM32\dbgcore.DLL
0x00007ffbb9b00000 - 0x00007ffbb9b82000 	C:\WINDOWS\System32\bcryptPrimitives.dll
0x00007ffb8e650000 - 0x00007ffb8e679000 	C:\Program Files\Android\Android Studio\jre\bin\java.dll
0x00007ffb90340000 - 0x00007ffb9034b000 	C:\Program Files\Android\Android Studio\jre\bin\jimage.dll
0x00007ffb8a150000 - 0x00007ffb8a168000 	C:\Program Files\Android\Android Studio\jre\bin\zip.dll
0x00007ffbba720000 - 0x00007ffbbae64000 	C:\WINDOWS\System32\SHELL32.dll
0x00007ffbb7010000 - 0x00007ffbb77a2000 	C:\WINDOWS\SYSTEM32\windows.storage.dll
0x00007ffbba190000 - 0x00007ffbba4e5000 	C:\WINDOWS\System32\combase.dll
0x00007ffbb8ca0000 - 0x00007ffbb8cd0000 	C:\WINDOWS\SYSTEM32\Wldp.dll
0x00007ffbb9d60000 - 0x00007ffbb9e0d000 	C:\WINDOWS\System32\SHCORE.dll
0x00007ffbba4f0000 - 0x00007ffbba545000 	C:\WINDOWS\System32\shlwapi.dll
0x00007ffbb9180000 - 0x00007ffbb919f000 	C:\WINDOWS\SYSTEM32\profapi.dll
0x00007ffb8a110000 - 0x00007ffb8a12a000 	C:\Program Files\Android\Android Studio\jre\bin\net.dll
0x00007ffbaa300000 - 0x00007ffbaa40c000 	C:\WINDOWS\SYSTEM32\WINHTTP.dll
0x00007ffbb8a00000 - 0x00007ffbb8a6a000 	C:\WINDOWS\system32\mswsock.dll
0x00007ffb82e20000 - 0x00007ffb82e34000 	C:\Program Files\Android\Android Studio\jre\bin\nio.dll
0x00007ffbb4180000 - 0x00007ffbb41a7000 	C:\Users\Max\.gradle\native\fdc75f09e3144964f2cf3f50f0aa648679c211496f362492102eb8c894070792\windows-amd64\native-platform.dll
0x00007ffb7fff0000 - 0x00007ffb80186000 	C:\Users\Max\.gradle\native\12488b8bf47d2d4c9fbf2f6322a914ad602e24e48041cd04a747c6da556b65c4\windows-amd64\native-platform-file-events.dll
0x00007ffb90130000 - 0x00007ffb9013a000 	C:\Program Files\Android\Android Studio\jre\bin\management.dll
0x00007ffb8fcc0000 - 0x00007ffb8fccc000 	C:\Program Files\Android\Android Studio\jre\bin\management_ext.dll
0x00007ffbb8bf0000 - 0x00007ffbb8c08000 	C:\WINDOWS\SYSTEM32\CRYPTSP.dll
0x00007ffbb82b0000 - 0x00007ffbb82e4000 	C:\WINDOWS\system32\rsaenh.dll
0x00007ffbb9510000 - 0x00007ffbb9537000 	C:\WINDOWS\System32\bcrypt.dll
0x00007ffbb9140000 - 0x00007ffbb916e000 	C:\WINDOWS\SYSTEM32\USERENV.dll
0x00007ffbb8c10000 - 0x00007ffbb8c1c000 	C:\WINDOWS\SYSTEM32\CRYPTBASE.dll
0x00007ffbb86a0000 - 0x00007ffbb86db000 	C:\WINDOWS\SYSTEM32\IPHLPAPI.DLL
0x00007ffbb9cf0000 - 0x00007ffbb9cf8000 	C:\WINDOWS\System32\NSI.dll
0x00007ffbab1d0000 - 0x00007ffbab1e7000 	C:\WINDOWS\SYSTEM32\dhcpcsvc6.DLL
0x00007ffbab080000 - 0x00007ffbab09d000 	C:\WINDOWS\SYSTEM32\dhcpcsvc.DLL
0x00007ffbb86e0000 - 0x00007ffbb87aa000 	C:\WINDOWS\SYSTEM32\DNSAPI.dll
0x00007ffbb0000000 - 0x00007ffbb000b000 	C:\WINDOWS\SYSTEM32\WINNSI.DLL

dbghelp: loaded successfully - version: 4.0.5 - missing functions: none
symbol engine: initialized successfully - sym options: 0x614 - pdb path: .;C:\Program Files\Android\Android Studio\jre\bin;C:\WINDOWS\SYSTEM32;C:\WINDOWS\WinSxS\amd64_microsoft.windows.common-controls_6595b64144ccf1df_6.0.19041.1110_none_60b5254171f9507e;C:\Program Files\Android\Android Studio\jre\bin\server;C:\Users\Max\.gradle\native\fdc75f09e3144964f2cf3f50f0aa648679c211496f362492102eb8c894070792\windows-amd64;C:\Users\Max\.gradle\native\12488b8bf47d2d4c9fbf2f6322a914ad602e24e48041cd04a747c6da556b65c4\windows-amd64

VM Arguments:
jvm_args: --add-opens=java.base/java.util=ALL-UNNAMED --add-opens=java.base/java.lang=ALL-UNNAMED --add-opens=java.base/java.lang.invoke=ALL-UNNAMED --add-opens=java.prefs/java.util.prefs=ALL-UNNAMED -Xmx2048m -Dfile.encoding=UTF-8 -Duser.country=RU -Duser.language=ru -Duser.variant 
java_command: org.gradle.launcher.daemon.bootstrap.GradleDaemon 6.7.1
java_class_path (initial): C:\Users\Max\.gradle\wrapper\dists\gradle-6.7.1-bin\bwlcbys1h7rz3272sye1xwiv6\gradle-6.7.1\lib\gradle-launcher-6.7.1.jar
Launcher Type: SUN_STANDARD

[Global flags]
     intx CICompilerCount                          = 3                                         {product} {ergonomic}
     uint ConcGCThreads                            = 1                                         {product} {ergonomic}
     uint G1ConcRefinementThreads                  = 4                                         {product} {ergonomic}
   size_t G1HeapRegionSize                         = 1048576                                   {product} {ergonomic}
    uintx GCDrainStackTargetSize                   = 64                                        {product} {ergonomic}
   size_t InitialHeapSize                          = 134217728                                 {product} {ergonomic}
   size_t MarkStackSize                            = 4194304                                   {product} {ergonomic}
   size_t MaxHeapSize                              = 2147483648                                {product} {command line}
   size_t MaxNewSize                               = 1287651328                                {product} {ergonomic}
   size_t MinHeapDeltaBytes                        = 1048576                                   {product} {ergonomic}
    uintx NonNMethodCodeHeapSize                   = 5830732                                {pd product} {ergonomic}
    uintx NonProfiledCodeHeapSize                  = 122913754                              {pd product} {ergonomic}
    uintx ProfiledCodeHeapSize                     = 122913754                              {pd product} {ergonomic}
    uintx ReservedCodeCacheSize                    = 251658240                              {pd product} {ergonomic}
     bool SegmentedCodeCache                       = true                                      {product} {ergonomic}
     bool UseCompressedClassPointers               = true                                 {lp64_product} {ergonomic}
     bool UseCompressedOops                        = true                                 {lp64_product} {ergonomic}
     bool UseG1GC                                  = true                                      {product} {ergonomic}
     bool UseLargePagesIndividualAllocation        = false                                  {pd product} {ergonomic}

Logging:
Log output configuration:
 #0: stdout all=warning uptime,level,tags
 #1: stderr all=off uptime,level,tags

Environment Variables:
PATH=C:\Program Files\Common Files\Oracle\Java\javapath;C:\WINDOWS\system32;C:\WINDOWS;C:\WINDOWS\System32\Wbem;C:\WINDOWS\System32\WindowsPowerShell\v1.0\;C:\WINDOWS\System32\OpenSSH\;C:\Program Files (x86)\Brackets\command;C:\Program Files\Git\cmd;C:\Users\Max\AppData\Local\Programs\Python\Python38-32\Scripts\;C:\Users\Max\AppData\Local\Programs\Python\Python38-32\;C:\Users\Max\AppData\Local\Microsoft\WindowsApps;C:\Users\Max\AppData\Local\GitHubDesktop\bin
USERNAME=Max
OS=Windows_NT
PROCESSOR_IDENTIFIER=Intel64 Family 6 Model 142 Stepping 9, GenuineIntel



---------------  S Y S T E M  ---------------

OS: Windows 10 , 64 bit Build 19041 (10.0.19041.2364)
OS uptime: 0 days 23:32 hours

CPU:total 4 (initial active 4) (2 cores per cpu, 2 threads per core) family 6 model 142 stepping 9, cmov, cx8, fxsr, mmx, sse, sse2, sse3, ssse3, sse4.1, sse4.2, popcnt, avx, avx2, aes, clmul, erms, 3dnowpref, lzcnt, ht, tsc, tscinvbit, bmi1, bmi2, adx, fma

Memory: 4k page, system-wide physical 8078M (271M free)
TotalPageFile size 10126M (AvailPageFile size 0M)
current process WorkingSet (physical memory assigned to process): 291M, peak: 291M
current process commit charge ("private bytes"): 373M, peak: 382M

vm_info: OpenJDK 64-Bit Server VM (11.0.8+10-b944.6842174) for windows-amd64 JRE (11.0.8+10-b944.6842174), built on Sep 19 2020 01:11:42 by "builder" with MS VC++ 14.0 (VS2015)

END.
